:104000005542200135D0085A82453A1331400039D3
:104010003F4030000F93082492423A1320012F832F
:104020009F4FBE9D0011F8233F400A020F930724C3
:1040300092423A1320011F83CF433011F923218389
:10404000B012484B474F3D401C003E40FF003F40F0
:10405000C411B0125E91F2431113F2433513B24012
:10406000805A2001A242600182432E01A2428001B7
:1040700082431E01B24020026001B2402001800153
:10408000F24084FF5700C2435800B2400040820112
:104090003B400C003D4000080E430C4D0CDE5942E5
:1040A00057000A4C8A107AF0070079F0F8FF4AD9D5
:1040B000C24A5700C24C5600794003000A430843E5
:1040C0000F3C18429001385282489201B2F0FEFF34
:1040D000820192B38201FD271F427001084A0A4FF4
:1040E0007953EF230A883A900104012C0E4C0D11EC
:1040F0003B53D3230F4E3FF0E0003F90E0000220FF
:104100003EF0E0FF5C4257000D4E8D107DF0070041
:104110007CF0F8FF4DDCC24D5700C24E56005E42A7
:1041200057007EF007007ED080FFC24E5700E2426B
:104130005800F2F0FDFF000082437001B24002021D
:10414000600182439001B240020180011E42600181
:104150003EF0CFFF3ED02000824E60011E42800123
:104160003EF0CFFF3ED02000824E8001C2432600A9
:10417000C2432E00C2431B00C2431F00C243330090
:10418000C2433700C2432100F240E0FF2200F24068
:1041900030002900F2407B002A00C2431900F2409F
:1041A000F1FF1A00F240DDFF1D00F240FDFF1E008E
:1041B000F2433100F2433200C2433500F24336008D
:1041C000C2432500C2432D001F4270011E427001F0
:1041D0000E8F3E900128FA2BE2D31A00F2D21A0079
:1041E000F2D080FF1E00F2D010001E00F2D080FF3F
:1041F0001D00F2D010001D0003430343F2F0EFFF57
:104200001D00F2F0F7FF19005F43B01208474F435B
:10421000B01208475F43B01208475F43B012084727
:104220005F43B01208474F43B01208474F43B012E4
:1042300008475F43B0120847F2D010001D00F2D2C9
:104240001900E2D31900F2D010003200F2D02000A1
:104250003200F2D040003200F2D010003100F2D033
:1042600020003100B012925AB012887A4F93FC238A
:10427000F243EE11B2436E11C2437011B243721198
:10428000C2437411B2437611C2437811B2437A111A
:10429000C2437C11B012B845C24FB1121F422E1159
:1042A0001F53824F061282430812B240DC12621181
:1042B000F2F0EFFF2200E2D21E00F2F0FDFF1E003E
:1042C000B2F0EFFF8801B24000408801F243F411E0
:1042D000C2439212C2439312C2439412C243951234
:1042E000E2D21E00F2D040001E00F2D020001E00DC
:1042F000B012484B1B420611B0125A4B824B1C1293
:10430000B0128A47824CA612824DA812824EAA127F
:10431000824FAC12D2420411FE11C243FF11F2408F
:104320001F009012F2401A00AF12B0128A47824C5E
:10433000A612824DA812824EAA12824FAC123E40A3
:10434000A6120D4E3D5007000C436F4EEE4D00007F
:10435000CD4F00001C531E533D532C92F623D243E5
:10436000E611C2432A13D2430112C243A012B24043
:10437000BC111213C2433812B01256468243A80130
:104380008243A401B01250463FD00C00B0124A46FE
:10439000F2431C13F2431D13F2431612C2935C1135
:1043A0001420E2435C11C243AE12D29320110520C7
:1043B000C2432011F24003005C11C293201103207C
:1043C000B0124467023CC2435C11B2F0EFFF8201BD
:1043D000B24000408201B012887A4F93FC234F47CD
:1043E000B0125A4B32D2B012484BF2F07F002A0082
:1043F000B0125A4B5F4228004F930634D2438C12BE
:104400004F43B0126C66053CC2438C125F43B0123E
:104410006C665F43B01246684F931920B012484B48
:10442000829348110324B0125A4B193C924348110D
:10443000B0125A4BB012484BF2D020001D00B012FF
:104440005A4B3E4014000F43B0125C50083C6F437F
:10445000B012284C4F9303205F43B012284CB01287
:10446000484B4A4F863CC29321117724B2B01000CA
:1044700062010820B2B0100064010420B2B0100044
:10448000660107241E4260013EF000033E900002D8
:104490002E245F4204003FB0C00005245F4271003B
:1044A0003FF0200026205F4205003FB03000052489
:1044B0005F4279003FF020001E205F4270001FF332
:1044C0001C245F4271003FF020001A245F427200FA
:1044D0003FF0200018245F4270002FF217245F4243
:1044E00070003FF0200015207E400500133C6E4315
:1044F000113C6E430F3C6E430D3C7E4005000A3C70
:104500007E400500073C7E400500043C7E400500DF
:10451000013C6E43B2B01000A0011924B2B01000EB
:10452000A2010524B2B2A2010F246E43103C1F4227
:10453000A2013FB000040B241D4260013DF00003C6
:104540003D9000020420023C4E43013C6E437E90AD
:10455000050001286E42C24E5E115E425E110E5E83
:104560001E4E9E9C3ED2814E000022D132C2034399
:104570000343F29311137727B012DE494B4F7F9319
:1045800072274F4AB0125A4B4F4BB0127870673FA8
:1045900032D0F000FD3F3040389B3D4060012E4D51
:1045A0000F5F0F5F0F5F0F5F3FF030003EF0CFFFF8
:1045B0000FDE8D4F000030410B120A120912081253
:1045C000071206123C404E830D431E4206121F4244
:1045D0000812B012C883074D084E094F0E4C0F4702
:1045E00012C30F100E10085E096F0993053438F3DB
:1045F00039F0FF7F18530963824806128249081276
:104600000F4836413741384139413A413B41304109
:10461000C24F77005F4202003FF04000FB27F2F0FC
:10462000BFFF02005F42760030411F42A0013041CF
:10463000824FA00130414F4F3F5080004E4ECF4E31
:1046400000003041824FA2013041824FA001304131
:104650001F42A00130411F42A201B2F0F9FFA201A6
:10466000B2F0FCFFA001B2F0EFFFA0011E42A201D8
:104670003FF006000FDE824FA20130411E42700162
:104680003F9001800A283F5000801D4270010D8E2E
:104690000F9DFB2F0E5F3F4000801D4270010D8E6D
:1046A0000F9DFB2F3041F2F0EFFF2A003041F2D096
:1046B00010002A0030414F4F3F5080006F4F304173
:1046C0001F429001013C0F4E1E4290010F9EFB23A2
:1046D0003041B2F0EFFF8401E2D31F00B2F0FEFFE1
:1046E0008401B2F0FDFF84014F4F8F107E40060021
:1046F0000F5F7E53FD233FD00001824F8401B2D073
:10470000100084014F4330414F9304245F4219004D
:104710006FD3043C5F4219007FF0FDFFC24F1900C8
:10472000F2D21900F2F0F7FF190030415C4F02009D
:104730008C105E4F01000CDE0E4C8E104E4E12C3DC
:104740000E1012C30E103EF003005D4EAA9C8D1198
:104750000E4C8E104E4E7C40060012C30E107C5341
:10476000FC235E4EAA9C8E110E5D3E5006000F5E2D
:104770003041F24080FF8411C243F811C243161346
:10478000C2431013C243E71130410B120A1209123F
:104790000812C2933A11B020C29338118220B0128D
:1047A000A646F2F0EFFF2900B012AE463F403002BD
:1047B000B0127C46B012A6463F403C00B0127C4688
:1047C0000B43F2B01000280009243B5005003F4085
:1047D0000500B0127C463B90F000F3233F40A4015B
:1047E000B0127C463B90F0005E2C7A427B40330056
:1047F0001BB30B24B012AE463F400500B0127C46FE
:10480000B012A6463F4041000A3CB012AE463F40BF
:104810003C00B0127C46B012A6463F400500B012E4
:104820007C4612C34B107A53E3233A4098127942E4
:104830004B4312C34B10B012AE463F400500B012BE
:104840007C46B012A6463F400500B0127C46584256
:1048500028003F404100B0127C4678B0100002248E
:104860007BD080FF7953E523CA4B00001A533A905E
:10487000A012DD230E434F435FEE98127D420C4F92
:104880001CF312C34F100C9302247FE08CFF7D5366
:10489000F6231E533E92F0234F930720D243381144
:1048A000063C4F43043C6F42023C7F400600C293EB
:1048B000381107245E4299125D429A125C429B12A3
:1048C000033C4C434D434E434F931620C2433C118F
:1048D000F24012003D11F2406D003E11F2404500E1
:1048E0003F11F24050004011C24C4111C24D4211E3
:1048F000C24E4311D2433A111C423C111D423E119B
:104900001E4240111F424211384139413A413B4158
:1049100030417F922C2C4F4F0F5F104F3A9B5F42DC
:1049200037007FF0FEFF1D3C5F4237007FF0FDFF48
:10493000183C5F4237007FF0FBFF133C5F423700BB
:104940007FF0F7FF0E3C5F4237007FF0EFFF093C3E
:104950005F4237007FF0DFFF043C5F4237007FF0AB
:10496000BFFFC24F37003041F2F07F0037003041C7
:104970000B125F422C123FF0400003240F43B01291
:104980009A454F43B012B6467FF00F00B01212495D
:104990005F422C123FF010000A200D3C4F4BB0122A
:1049A000B6467FF00F00B01212495B53013C5B43E7
:1049B0005B92E811F32BB01256468243A801824362
:1049C000A401F2F0DFFF2C123B4130414F9303244E
:1049D000D24370003041F2F0FEFF700030415F4280
:1049E00011134E4F3E50C4116D4EC24D11137D93A5
:1049F0000220F2433513FE43000030415F930C2444
:104A000003286F931820103C1F4262018F105FF340
:104A100012241F42720130411F4264018F105FF364
:104A20000A241F42740130411F4266018F105FF358
:104A300002241F42760130415F43B012CC49F2F0AC
:104A4000BFFF04003F401B00FFF0FDFF0000FFF030
:104A5000FBFF0000FFF0F7FF00004F43B012CC490E
:104A600030410E4F0F43B0124A8B3C400AD73D40B5
:104A7000233CB01246883C4066663D401E42B01260
:104A8000F687B012D684824EBE110E1230124A9BA7
:104A9000B012C891215230410B120A1209120812A9
:104AA0000E4F0F43B0124A8B0A4E0B4F3C40BD5283
:104AB0003D40163DB01246883C40C5FE3D40024098
:104AC000B012F687084E094F3C40F6243D40D635DB
:104AD0000E4A0F4BB01246880C4A0D4BB012468856
:104AE0000C4E0D4F0E480F49B012F687B012D68407
:104AF000824E88120E1230125C9BB012C891215265
:104B0000384139413A413B4130410E4F0F43B012D9
:104B10004A8B0C433D408039B01246880C433D40DF
:104B20002040B01246883C4000503D40C345B01282
:104B30004688B012D684824E38130E123012779BFC
:104B4000B012C891215230410E4232C20343034396
:104B50003EF25F4301204F4330414F93012432D254
:104B600030410B12B012484B1D4210121E4214135A
:104B70000D9303240D5E6D4D013C4D43C24D7700F6
:104B80006E531D4218134C4E0D9C1C2C4E4D1A3C5E
:104B90005D4202003DF04000FB275B4276001D4273
:104BA00086120D9303240C5DCC4B00001D421012A5
:104BB0000D9304241D5214136D4D013C4D43C24D01
:104BC0007700013C4E4E1C4214130D4C1D53824D78
:104BD00014130D9EDD2BB0125A4B3B4130410B128A
:104BE000B012484B5B43C293921201244B43B01264
:104BF0005A4B4F4B3B4130410B120A124A4FB012F5
:104C0000484B4B4FB012DE4B4F9305244F4BB01225
:104C10005A4B4F43063C4F4BB0125A4B4F4AB012BF
:104C200010463A413B4130410B120A124A4FB01232
:104C3000484B5B435A92931201244B43B0125A4B98
:104C40004F4B3A413B413041B012484BF2F0FBFF31
:104C50001D00B0125A4B30410B124B4FB012484B53
:104C60004E4BFE93C41106201E43C29B35130324F2
:104C70000E43013C1E430E930E20F29311130320AA
:104C8000C24B1113043C5E423513CE4BC411C24BD0
:104C900035134B43023C7B400500B0125A4B4F4B3F
:104CA0003B413041C29346113920F2930B1136201B
:104CB000B012DE4B4F933224D243B012C293C211D2
:104CC0000224C243B012C293B0122A24F29003000D
:104CD00044112920C293081128205E420A117E93B4
:104CE00016244F4E5D4FF411C24D0A117D930220E0
:104CF000F2430911FF43F411C24EE211F2430811CD
:104D0000D24344117F401700B012584C043CD243A8
:104D10000811C2434411B012384A053C5F43304188
:104D20007F40050030414F4330414F433041D293E3
:104D3000081113205F4244115F9305207F40170044
:104D4000B012584C083C6F930A20D242E21108116D
:104D5000F240030044114F4330415F4330415F4311
:104D60003041B012484BF2F0BFFF0200F2D04000D9
:104D70000000B0125A4BB012624B30414E4EC2434B
:104D80001E1282431012824F8612824E18138243E3
:104D900014130E930324B012624D043C7F4016009E
:104DA000B012584C4F4330410B120A1209120A4FED
:104DB000494EB012484B4B4FB012DE4B4F93052477
:104DC0004F4BB0125A4B4B431F3C4F4BB0125A4BF8
:104DD000B2407F0020127F407F00B01210464B4F40
:104DE0004E49C2431E1282431012824A8612824EDC
:104DF0001813824314130E930324B012624D043C23
:104E00007F401600B012584C4F4B39413A413B415C
:104E10003041B012484C5E431F426211B012A84D9F
:104E200030410B124B4FB012484BC24B4A11B012DB
:104E30005A4B7F401200B012584C3B4130410B128C
:104E40004B4F92433611C243C211B012A44C4F4B88
:104E5000B012224E3B413041B012484BE2D21D000D
:104E6000B0125A4B30410B120A1209124B4FB012BA
:104E7000484B4A4FC29B0B110424B0125A4B5F435C
:104E80004C3CF2430B115B4246114B930920B0128C
:104E9000484BC2439212B0125A4BB012A44C353C4C
:104EA0004C43494B021232C20343C24C3001F24020
:104EB000CDFF38011E423A0132418E1012C34E100E
:104EC00012C34E104D4E4D5D4D5D4E5D4C8E4E4CA1
:104ED0004F4C0D497CF00F004C9303240D117C5373
:104EE000FB3F1DF31724C24E0B111E434D4F7DF0A7
:104EF0000F004D9303240E5E7D53FB3F4BCEC24B00
:104F000046117F401500B012584C4F4AB0125A4B10
:104F10004F43033C4C4E5C53C53F39413A413B4102
:104F200030417F400300B012664E4F4330410B12B8
:104F30000A120912B012484B494F1B420E12B0120E
:104F4000C0460A4F1F4280015FF304241B53B01276
:104F5000C0460A4F0C430D430D4B0E4A0F430A4CFB
:104F60000B4D0ADE0BDF4F49B0125A4B0E4A0F4B66
:104F700039413A413B4130410B120A1209120812E1
:104F8000B0122E4F084E094F1E42A2121F42A41209
:104F90000A4E0B4F1A52FA111B62FC11099F092885
:104FA0000220089E06280B9F102809200A9E0D2823
:104FB000063C0B9F04280F9B27280A9E252C099B43
:104FC00004280B992128089A1F2C0C4A0D4B0C8899
:104FD0000D790D9303203C90018018280E480F494D
:104FE0003E5000800F63824EA212824FA4120E4CDC
:104FF0000F4D3E5000803F63824EFA11824FFC11EC
:105000003C4000800D430A3C0C430D43824AA212EF
:10501000824BA4128243FA118243FC110A4CB01253
:10502000C0460E4F0E880E9A052C0C4A0C8E3C90F2
:105030000300062CB012C0462F53824F9801033C48
:105040000C5F824C9801B2F0FEFF8801B2D01000D4
:105050008801384139413A413B4130410B120A1233
:105060000912081221830A4E0B4FB0122E4F084E20
:10507000094FB012484B8248A2128249A412824AB8
:10508000FA11824BFC11814F0000B012784F2F4172
:10509000B0125A4B2153384139413A413B413041DA
:1050A0000B12B012484B4B4FB012B8453E40460071
:1050B000B0128E840E4F3E500B00824E32130F43BF
:1050C000B0125C504F4BB0125A4B3B4130410B1267
:1050D0000A12B012484B4A4FB292361112207F404A
:1050E0000900B012F84BB012224FB012584E924342
:1050F00036117F400300B012224E4F4AB0125A4B75
:105100002F3CB012484CC293361303247F40050055
:10511000013C6F42B012F84B4E4F3EF205204F4318
:10512000B012F84B3FF204205B433F400300033CC6
:105130004B433F400500824F3611B012584E4F4A44
:10514000B0125A4B4B930724C2436A11B012224F3C
:10515000B012A050053C3E4040010F43B0125C50DD
:105160003A413B4130410B120A1209120812071250
:10517000B012484B474F1A4230121B423212B01243
:10518000C0460D4F1F4280015FF305241A530B6385
:10519000B012C0460D4F12C30D1012C30D1012C332
:1051A0000D1012C30D1012C30D10084D09430E4A05
:1051B0000F4B4FEA0FEA8F104E4E8E100E5E0F6FA0
:1051C0000E5E0F6F0E5E0F6F08DE09DF4F47B012E5
:1051D0005A4B0E480F493741384139413A413B411A
:1051E00030410B120A1209120812B0126651084E11
:1051F000094F1E4266111F4268110A4E0B4F1A5288
:10520000EA111B62EC11099F09280220089E06285A
:105210000B9F102809200A9E0D28063C0B9F04288E
:105220000F9B27280A9E252C099B04280B992128CF
:10523000089A1F2C0C4A0D4B0C880D790D930320F6
:105240003C90010418280E480F493E5000040F639B
:10525000824E6611824F68110E4C0F4D3E5000FC7D
:105260003F63824EEA11824FEC113C4000040D4333
:105270000A3C0C430D43824A6611824B68118243FB
:10528000EA118243EC110A4C0A5A0A5A0A5A0A5A7B
:105290000A5AB012C0460858085808580858085802
:1052A0000E4F0E880E9A042C0A8E3A900300062C9C
:1052B000B012C0462F53824F9601033C0A5F824AC8
:1052C0009601B2F0FEFF8601B2D01000860138418F
:1052D00039413A413B41304192422C13661192428E
:1052E0002E13681192428212EA1192428412EC113A
:1052F000B012E251925282122C13926284122E1337
:1053000030410B120A1209120812B0126651084EEF
:10531000094F1E4218121F421A120A4E0B4F1A5200
:1053200012121B621412099F09280220089E0628E7
:105330000B9F102809200A9E0D28063C0B9F04286D
:105340000F9B27280A9E252C099B04280B992128AE
:10535000089A1F2C0C4A0D4B0C880D790D930320D5
:105360003C90010418280E480F493E5000040F637A
:10537000824E1812824F1A120E4C0F4D3E5000FCF6
:105380003F63824E1212824F14123C4000040D43C0
:105390000A3C0C430D43824A1812824B1A12824374
:1053A0001212824314120A4C0A5A0A5A0A5A0A5A08
:1053B0000A5AB012C04608580858085808580858E1
:1053C0000E4F0E880E9A042C0A8E3A900300062C7B
:1053D000B012C0462F53824F9201033C0A5F824AAB
:1053E0009201B2F0FEFF8201B2D01000820138417A
:1053F00039413A413B4130410B12091208124B4FDF
:10540000084D094EB01266514B4B0B5B0C4B0C5CBC
:105410000C5C0C5B3C503A128C4E00008C4F02002E
:105420008C4804008C490600FCD0030008005F4350
:10543000B012584C384139413B4130410B120A12ED
:105440004A4FB012484B4B4F5E4210110E5E0C4E4D
:105450003C50BC112D4C0D930B208E4312137F40FA
:105460000C00B012584C4F4BB0125A4B5F43163CD5
:105470001F4D02008C4F00000F9302208E4C121320
:10548000A24D8A12824DBA12824D86114A9302248D
:10549000B012D8524F4BB0125A4B4F433A413B4196
:1054A00030410B124F9303245F9348200C3CC2936E
:1054B00026124220C2439712824E26137F400900D3
:1054C000B012584C393C5F4210115F9337248293DD
:1054D0008A120720B0126651824E2C13824F2E136F
:1054E000243C1B4286118B4E00002B53824B8611AD
:1054F0001D42BA121C428A120E4C0E5E0E5D0B9EAD
:10550000182082930C1209244F4F0F5F8F43121300
:105510007F400D00B012584C113C824C1E13824D3E
:105520000C127F400E00B012584C5F43B0123C5436
:10553000053CB012D852023C4F43013C5F433B4113
:1055400030410B120A124A4FB012484B4B4FE293B4
:105550004C1103205E421211013C7E434E9A8B2077
:105560005D422C124F4D3FB2092482932412062033
:105570004F4BB0125A4B7F400600813C3FF0200059
:1055800006244F4BB0125A4B7F400500783C7DD02B
:105590002000C24D2C12C24E80114F43B012B646AD
:1055A0007FF00F007F924D2C0E4F3EF00F000E5EED
:1055B0005F423700104E8E9B5FD3C24F37005F4271
:1055C00036007FF0FEFF3B3C6FD3C24F37005F4297
:1055D00036007FF0FDFF333C6FD2C24F37005F4291
:1055E00036007FF0FBFF2B3C7FD2C24F37005F427B
:1055F00036007FF0F7FF233C7FD01000C24F37000A
:105600005F4236007FF0EFFF1A3C7FD02000C24F90
:1056100037005F4236007FF0DFFF113C7FD0400053
:10562000C24F37005F4236007FF0BFFF083C7FD09B
:1056300080FFC24F37005F4236007FF07F00C24FCD
:105640003600B2D01000A001B2D00300A0015F422A
:105650002C123FF040000A2482436401A2426401FC
:10566000B240E00064011F43B0129A454F4BB012A4
:105670005A4B4F43043C4F4BB0125A4B5F433A4195
:105680003B413041C293101103205F43B012425599
:1056900030410B120A1209120812071206120512E3
:1056A00004122182444F4F9303243D40929C023CBC
:1056B0003D400C116F4D7FF00F00C14F00006B4D4E
:1056C00012C34B1012C34B1012C34B1012C34B101A
:1056D0007BF007005A4D01007AF003005C4D010099
:1056E000484C12C3481012C3481078F007004C4CC5
:1056F00012C34C1012C34C1012C34C1012C34C10E6
:1057000012C34C10594D020019F30959095909598E
:105710004CD9C14C01001642821215428A1219421C
:1057200086114493C0200993BE240593BC2416938C
:10573000BA242693B824B012484BC14F02005E42EF
:105740002C123EF020000324B0125A4BAC3CE293E2
:105750004C119C20D29312119920359011000328EE
:1057600077400300013C574337F0030007573AF0F6
:1057700003000A5A0A5A0A5A0D483DF007000D5D07
:105780000D5D0D5D0D5D0D5D0AD70ADD3AD000029D
:105790005D43069301204D431DF38D100D5D0D5D9E
:1057A0003AF0FFF30ADD7BF007004B5B4B5B4B5B92
:1057B0004B5B6BD1B01250460D4F584306930124FA
:1057C000484318F37740070008587753FD233DF00E
:1057D0007FFF0DD85C4101000F4C8F103DF0FFF0B2
:1057E0000DDF0C4F0C5C0C5C0C5C0C5C3DF0FF0F97
:1057F000E2422C128245C011824924128243821156
:105800000F4D0FDCB0124A460F4AB01244460A430D
:105810003553043C4F4AB01236461A534E4B0A9544
:10582000032C3A900F00F6237ED080FF4F4AB0122F
:1058300036461C437AF00F004A9303240C5C7A53DB
:10584000FB3F824CA60106932324F2D040002C1289
:105850000F43B0129A45A2D26001B2F0FDFF600181
:105860001D4260013DF0FFFC3DD00002824D600111
:10587000B2F03FFF6001824362010D463D53824D0D
:10588000720112C30D10824D7401023C7B42013C37
:105890004B435F410200B0125A4B4B9304205F43CD
:1058A000B01242551E3C1A428A121B4286112A929D
:1058B0001428B012484B4E440E5E3E5012132D4E2B
:1058C0000D9309248B4A00008B4302008D4B00008E
:1058D0002B538E4B0000B0125A4B7F400D00B0127C
:1058E000584C2152344135413641374138413941D4
:1058F0003A413B4130410B120A125F9333208293AD
:105900000C120A245F4210110F5F8F4312137F4065
:105910000D00B012584C263C1E42BA12824E0C1298
:105920001C4286110F4C8F108F118F108F110D4F4D
:105930000A4E0F4E8F108F118F108F110B4F0E4C80
:105940000F4D0E8A0F7B0F110E10824E1E137F40DB
:105950000E00B012584C4F43B0123C544F930220EB
:10596000B01292560F433A413B4130410B120A129A
:105970000912494F0A4EB012484B4B4FB012DE4B42
:105980004F9305244F4BB0125A4B4F430D3C4F4B96
:10599000B0125A4B4F49B01210460F4A8F10B01236
:1059A00010464F4AB012104639413A413B4130410E
:1059B0000B120A12091208120712084F4A4E074D1D
:1059C0004B4CB012484B494FB012DE4B4F9305245D
:1059D0004F49B0125A4B4F43213C4F49B0125A4BDA
:1059E0004A4A0A584F4A7FD080FFB0121046494FAA
:1059F0000E4A12C30E104F4E7FF0C0FFB012104679
:105A00004A4B093C4E4B0F4A0F8E0E4F0E576F4EAE
:105A1000B01210467B534B93F5234F493741384121
:105A200039413A413B4130410B123150F4FFB01241
:105A3000484B4B4F3D423E40A6120F41B01264907E
:105A40001E42FE11C14E08008E10C14E09001E42BA
:105A50001C12C14E0A008E10C14E0B004F4BB012EB
:105A60005A4B7C400C000D414E433F406001B01248
:105A7000B05931500C003B413041B012484BF2F06C
:105A8000DFFF2500F2F0DFFF2300B0125A4B4F4337
:105A90003041B012484BF2D040003100B0125A4BA6
:105AA00030410B124B4FB012484B4D4FC293541123
:105AB0001120D2435411C24B0012B0125A4BC29360
:105AC000521105207F400700B012584C083CD243C9
:105AD0005011053CC29B00120420B0125A4B4F4398
:105AE0001F3C4F4B1E43FF931C130420C29B1411F9
:105AF00001240E430E930E20F29315110320C24B86
:105B00001511043C5F421411CF4B1C13C24B1411EE
:105B10004B43023C7B4005004F4DB0125A4B4F4B5C
:105B20003B4130410B120A124B4FB012484B4A4FC7
:105B3000C2934C110D20D2434C11C24B12117F4025
:105B40000A00B012584C4F4AB0125A4B4F43213CF6
:105B50004E4B12C34E1012C34E1012C34E104E4E77
:105B60005F4E38121D434C4B7CF007004C930324CE
:105B70000D5D7C53FB3F4D4D4DBF05204DDFCE4DA0
:105B800038124B43023C7B4005004F4AB0125A4B3F
:105B90004F4B3A413B4130414F9302245F930320E6
:105BA000B012245B30415F433041B012484BF2E009
:105BB00020003100B0125A4B30410B120A124A4FEA
:105BC000B012484B4B4FF290030054112A20C29A56
:105BD000131127205D4215117D9315244E4D3E5023
:105BE0001C136F4EC24F15117F930220F243141104
:105BF000FE430000C24D0012F2431311D243541170
:105C00007F400600073CE2431311C2435411D243C4
:105C100052117F42B012584C4F4BB0125A4B4F4367
:105C2000043C4F4BB0125A4B5F433A413B41304129
:105C30000B120A124A4E0B4D4F930C20B012BA5B56
:105C40004A9304200F4BB012624A043C3F409E9B93
:105C5000B0121C9A3A413B4130410B120A124A4E93
:105C60000B4D5F930C20B012BA5B4A9304200F4B8C
:105C7000B012984A043C3F40C09BB0121C9A3A4173
:105C80003B4130410B120A120912081207124B4F06
:105C90000A4EB012484B484F5E422C123EF0200094
:105CA0000524B0125A4B7B4005005E3CE2934C1138
:105CB00003205E421211013C7E434E9B51205C4A00
:105CC00001003CF003000C5C0C5C0C5C5D4A0100C4
:105CD00012C34D1012C34D103DF007000D5D0D5D58
:105CE0000D5D0D5D0D5D094C09DD39D00002674A7F
:105CF00077D080FFB01250460B4F3BD080005D4AFA
:105D0000010012C34D1012C34D1012C34D1012C327
:105D10004D1012C34D105C4A02001CF30C5C0C5C6D
:105D20000C5C4CDD4C4C0F4C8F103BF0FFF00BDF4C
:105D30000C4F0C5C0C5C0C5C0C5C3BF0FF0FD2431A
:105D40002C120F4B0FDCB0124A460F49B0124446DA
:105D50004E474F43B01236469243A6014B43013C97
:105D60007B424F48B0125A4B4F4B37413841394173
:105D70003A413B4130410B120A12091208124B4FB3
:105D8000B012484B494FE2934C113E20C29B121176
:105D90003B20C29338120520F2431211C2434C112A
:105DA0002E3C5F424E110D4F1D532D9301200D438C
:105DB0004B4D4E4D12C34E1012C34E1012C34E1017
:105DC0004E4E584E38121C434A4B7AF007004A9305
:105DD00003240C5C7A53FB3F48BC062448CCCE48D5
:105DE0003812C24B4E11033C0D9FDE237B43C24B46
:105DF0001211D2434C117F400A00B012584C4F4947
:105E0000B0125A4B4F43043C4F49B0125A4B5F43B8
:105E1000384139413A413B4130414F9302245F932D
:105E20000320B012765D30415F433041C2931111BF
:105E300004207F400B00B012584C4F43B0121A5E42
:105E400030414F9303245F935520193C5E420C115F
:105E50007EF00F007E900C000B243E400C11B0121F
:105E6000845C4F930520C2432612B0124255304144
:105E7000B0122C5E3F40E69BB0121C9A30411E428D
:105E8000F0111F42F2110C4E0D4F0CF33DF30C9329
:105E900002200D9320243C40E8030D43B012968469
:105EA000824E8212824F8412D2433412C2431011A6
:105EB000B0126651824E2C13824F2E133E400C11AD
:105EC0005F43B012845C4F43B0123C544F93122096
:105ED000B01284563041824E8212824F8412C243E5
:105EE0003412C24310114F43B0123C544F9302205E
:105EF000B012925630410E4F5F4211111E9303248F
:105F00003E90030005207F930724B012425E30418B
:105F10007F930224B012425E3041D29311110420CB
:105F20007F400B00B012584C5F43B0121A5E3041F4
:105F30000B120A12B012484B4A4F1E42A2015EF3E6
:105F40000524B0125A4B7F400500103CB0122A467F
:105F50000B4F3FF0FDFFB01230460F4B3FF0DDFF1F
:105F6000B01230464F4AB0125A4B4F433A413B4170
:105F700030410B121E42B4120E9325240D4E3D5398
:105F80002D93092C824FB4123D4014000E436F42F2
:105F9000B012F853163C0D4E3D50FDFF2D930F2CC3
:105FA000B012305F4B4F4F9313201F42B412F2F0E8
:105FB000FDFF60128243B412B012F65E093C0E9FE0
:105FC00005204B43053C7B400900023C7B4005001B
:105FD0004F4B3B4130410B120A12091208120712B3
:105FE00006120512064E074F05430E450E5E0F4E74
:105FF0000F5F0F5F0F5E3F503A125E4F08006EB3A7
:10600000C6242A4F1B4F02001C4F04001D4F0600E0
:1060100008460947088A097B099DB9280220089C7F
:10602000B6285EF30424FFF0FDFF0800083C084A90
:10603000094B085C096D8F4800008F49020075907C
:106040000500A92C4F450F5F104F0A9C4F43B0121B
:10605000A25AB012484BF2E010003100B0125A4B75
:106060004F43B012985BB012AA5B5F43B012A25AC2
:10607000B012484BF2E0400031002E3CB012484BC9
:106080005E4254114E930824E293131107207E536D
:106090001A436E930428023C1A43013C0A43B0128F
:1060A0005A4B4A937824B012484B4A4FE29313114B
:1060B00012205E4254115E9305207F400600B0120C
:1060C000584C093C6E930720D24200121311F24043
:1060D00003005411013C4F4AB0125A4B5C3C1F4222
:1060E0006C113F90050013243F901E0004243F9044
:1060F00003005120033CC2435A114D3CC2435A1184
:106100000D435E435F423013B012305C443CC243E7
:106110005A110D435E435F423013B0125A5C3B3C50
:106120001F42B4123F90030003242F923420033CFB
:106130009243B412023CA243B4125F4211117F9306
:106140002A24B012425E273C1F42B4123F90050041
:1061500004243F9006001F20073CB012305F4F938D
:106160000F208243B412173CB012305F4F930820C7
:106170008243B4123D4000080E437F400500043CBA
:106180003D4014000E436F42B012F853043C1553C7
:10619000359007002A235F43B012584C35413641F1
:1061A0003741384139413A413B413041B012484BC7
:1061B000F2D040002100B0125A4B3041B012484B8F
:1061C000F2F0BFFF2100B0125A4B3041B012484BE1
:1061D000F2D020002200B0125A4B3041B012484B8E
:1061E000F2F0DFFF2100B0125A4B3041B012484BA1
:1061F000F2F0DFFF2200B0125A4B3041B012484B90
:10620000F2D020002100B0125A4B30410B120A127A
:106210004A434B43B012AC61F2B02000200001248D
:106220005BD37A90070001244B5BB012BC615A53D8
:106230007A92F023B012CC61B012DC61B012AC6182
:10624000B012BC61B012EC61B012FC614F4B3A412C
:106250003B4130410B120A124B4F7A424B930334AD
:10626000B012FC61023CB012DC614B5BB012AC615D
:10627000B012BC617A53F2233A413B413041B01233
:10628000EC61B012FC61B012AC61F2B020002000F1
:106290000420B012BC614F4330415F433041B01223
:1062A000484BF2D080FF2200B0125A4BB012484B3C
:1062B000F2D080FF2100B0125A4B3D400B000E433C
:1062C0005F43B012F8534F4330410B12B012EC61F0
:1062D000B012FC61B012484B4B4FB0127A5AF2D058
:1062E00020002400F2D0200025004F4BB0125A4B62
:1062F0003B4130410B12B012484BF2D0400022001B
:10630000B0125A4BB012BC61B012EC61B012FC6119
:10631000B0127A5AB012CC61B012FC61B012BC61FA
:106320007B400900B012AC61B012BC617B53FA2310
:10633000B012CC61B012FC61B012BC61B012AC61A1
:10634000B012DC61B012BC61B012AC61B012FC6181
:10635000B012BC611F426C113FF01F00824F6C11E4
:106360004F4FB0125462B0127E624F930424C24366
:106370005A115F43503C1F426C113F900600392474
:106380003F900700072C3F9003000E243F9005002C
:106390004120143C3F9007001A243F901E003A20F1
:1063A0003D400B000E430F3CB012CA625F425811D1
:1063B0001FF306203D404A010E43053CB012CA625D
:1063C0003D40FA000E436F43B012F853233CB01225
:1063D0000C624B4FB0120C62B012CC61B012FC6177
:1063E000B012AC61B012BC61C24B58116F42B01216
:1063F000584C5F42B312B0125462B0127E624F9397
:106400000324D2435611033CD242B31258116F42B7
:10641000B012584C4F433B4130410B120A12091243
:10642000494FB012484B4A4F1E42A2015EF3052469
:10643000B0125A4B7F4005001C3CB0122A460B4F4D
:106440003BF0FDFF0F4BB01230463BD020004E49D1
:106450007E531EF37D4006000E5E7D53FD233BF010
:10646000BFFF0F4B0FDEB01230464F4AB0125A4BEF
:106470004F4339413A413B4130410B120A120B4F15
:106480001F42B4120E4F3E532E930C2C0B9F5F24D1
:106490004F4BB0121A644A4F4F935E209293B4123E
:1064A00046203F3C0F9320204F4BB0121A644A4FB6
:1064B0004F9352201B930A20E2B374120F430F6FC5
:1064C0004F9304243D4046000E43033C3D401100E1
:1064D0000E437F400300B012F853F2F0FDFF741238
:1064E0002B53824BB412383C0E4F3E50FBFF2E9381
:1064F000292C4F4BB0121A644A4F4F932D20F2F0C3
:10650000FDFF6A121F42B4120E4F2E820B9E062010
:10651000824BB4120F4BB012F65E1E3C3F9005004A
:106520000620A242B4123D4011000E43063CB24088
:106530000300B4123D4046000E437F400300B012FA
:10654000F8530A3C2B530F9B05204A43053C7A40E5
:106550000900023C7A4005004F4A3A413B41304134
:106560000B124B4F6F9303283F40969C023C3F40D9
:106570000C116F4F4E4F7EF070007E901000032480
:106580007E9050001B20F29311111120C24B11116B
:106590004F930438C243B2121F43033CD243B2129A
:1065A0002F43B0127A644F930C24F24311114F4BD6
:1065B000B0121A5E4F4BB012985B033C4F4BB012B7
:1065C000425E3B4130410B124B4FB012484BC24B25
:1065D0009312B0125A4B3B4130410B120A1209126E
:1065E0001B4204125A4B2A004A9302207A401F0091
:1065F000B012484CC29AE51107244E4A3ED0E080C2
:106600007F401500B0126C59C24AE511694BB012B7
:10661000484B4A4FB012DE4B4F9304244F4AB012FE
:106620005A4B203C4F4AB0125A4BB2403E00201207
:106630007F403E00B01210464F497F534F4FC24338
:106640001E12824B101282438612824F181382430D
:1066500014130F930324B012624D043C7F401600C4
:10666000B012584C39413A413B4130410B124B4F2B
:10667000B012484BF2F07F002D00F2F07F002B00AB
:106680005E422C004B9303247EF07F00023C7ED0C0
:1066900080FFC24E2C00F2D080FF2D00B0125A4B6A
:1066A0004F433B413041B012484BF2F0BFFF1D0059
:1066B000B0125A4B3041B012484BF2D040001D008E
:1066C000B0125A4B30410B12B012484B5B42AF1222
:1066D000B0125A4B0F4B0F5F0F5F0F5B3F502E01F5
:1066E0000E4F3ED000407F401800B0126C593B4125
:1066F00030410B12B012484B4B4FC293E6110424A9
:106700001E43C2932A1301200E434E4E8E100E5E7E
:106710000E5E0E5EC293011204241D43C293A012AA
:1067200001200D433ED0E2220D5D0D5D0D5D0D5D3E
:106730000EDD7F401100B0126C594F4BB0125A4B16
:106740003B4130411F42181112C30F10C24F1A13A0
:10675000B012484BD2437800F2F0EFFF0500F2F0A0
:10676000FDFF3300F2F0FBFF3300F2F0F7FF3300E0
:106770005E421B117EF0FAFF5ED3C24E7800D24219
:106780001C117900D2421D117A001E421811C24E0E
:106790007C008E104E4EC24E7D00D2421A117B00FC
:1067A0005E421E117EF003007E9003000B20F2D0AB
:1067B00040001B00F2D080FF1B005E4205007ED02F
:1067C00030000F3C6E931020F2F0DFFF0500F2F076
:1067D000BFFF1B00F2D080FF1B005E4205007ED091
:1067E0001000C24E0500193C5E930E20F2F0EFFF40
:1067F0000500F2F07F001B00F2D040001B005E425B
:1068000005007ED02000ED3FF2F0CFFF0500F2F052
:10681000BFFF1B00F2F07F001B00F2F0FEFF7800CC
:10682000F2F0CFFF0300F2F0CFFF0100B0125A4B9D
:10683000B012484BF2F0CFFF0300F2D0300001005D
:10684000B0125A4B30410B124B4FB012484B4E4BCB
:106850003E509212CE9300000420DE4300004B43D2
:10686000013C5B43B0125A4B4F4B3B4130410B1242
:106870000A124B4FB012484B4A4F4F43B012466872
:106880004F932F20C24B0B11C29308113C20F29062
:106890000300441138207F401500B012584C2C3CA6
:1068A000D2434411C243E211B0122E4D253CC29393
:1068B000E21122241E43F293F4110420C293091121
:1068C00001240E430E931820F2930A110320C243B1
:1068D0000A11043C5E420911CE43F411C24309116E
:1068E0000B3C1E434D4B7DF00F004D9303240E5E79
:1068F0007D53FB3FC2DE46114F4AB0125A4B4F4305
:106900003A413B413041C2934411D123C93F0B125C
:10691000B012484B4B4F5F43B012CC49F2F0DAFF54
:1069200070005F43B012CC49F2F03F0004003E40DB
:106930001B00FEF0EFFF0000FEF0DFFF00003D4017
:106940002C116F4D7FD00500C24F7000D24D010059
:1069500071001D422A11C24D74008D104D4DC24D63
:106960007500C2437300EED30000EED20000FED2E9
:106970000000F2D0400004004F43B012CC49F2F0C6
:106980003F000200F2F03F0000004F4BB0125A4BA4
:106990003B4130410B120A124B4FB012484B4A4F49
:1069A0004F43B01246684F9306244F4AB0125A4BD9
:1069B0007F4005001E3CC29308111E20F290030088
:1069C00044111A200B3CE2434411C243E211B012BD
:1069D0002E4DC29308110620B0120E69C24B0B1146
:1069E0004B43033CC24344110A3C4F4AB0125A4B3A
:1069F0004F4B3A413B413041C2934411E427B0121E
:106A0000484BC2439212B0125A4B5B43EE3FA24333
:106A1000E011D243F811E2920B1105246F42B0123B
:106A200094694F930320B012124E30416F42B0125E
:106A30006E6830410B12B012484B4B4F8293E011FD
:106A40001824C243F8115E42E7114E930324F2B2B8
:106A500020000520D2B3200008204E9303247E534B
:106A6000C24EE711B0120E6A073C9243E011C243D6
:106A7000E7116F42B012664E4F4BB0125A4B3B417A
:106A80003041B0127247B012584EB012484C7F429B
:106A9000B012F84B7F42B012F84BB012584E6F4212
:106AA000B012664EB012346A30410B120A1209124B
:106AB0000812071217428612C2931E120224304097
:106AC000AC6D1F4220123FB0400002203040446DA8
:106AD0007FF0BFFF7F903F0002243040AC6D1B422F
:106AE00062116E4BC24EE3111F42E0113F90050050
:106AF00039243F90060084242F9302243040346DC3
:106B0000B2400500E0115D4284114D9E27242628E5
:106B1000F2B220000820D2B3200005204F4E7FE3C0
:106B20004F5DC24F84117E902A00182C4E930E2484
:106B30000F4B1F537E9203287E400700033CB24058
:106B40000600E011B0127C4D3040AC6DC243F8112C
:106B5000B012584E6F42B012664EE93CB012826AD3
:106B60003040AC6DB2400600E011C29301124124E6
:106B7000C293A0123E205F4B02008F105E4B0100BB
:106B80000FDE3FF0200035245A4B07008A105F4B80
:106B900006000ADFB012484B19421C12B0125A4BC1
:106BA0000A9908245F4B07008F105E4B06000FDE2A
:106BB0003F931F205F4B02008F105E4B01000FDEE2
:106BC0003FF007001F931520B012584EB012484CEA
:106BD0007F400A00B012F84BB012584EB012484C29
:106BE0005E42E3117E50F9FF0F4B3F52B012A84DA9
:106BF000DD3C5E42E3117E50F9FF0F4B3F52A23F56
:106C0000B012584EC293E71103206F42B012664E85
:106C1000C293E7110324F2B220000B20D2B320006C
:106C200008245A4210134A930424F2900B00E311F3
:106C30000E2C1F426211CF432D00CF433100CF43B2
:106C40003000CF432F00FF4080FF2E00373C5942D9
:106C500016135A9319200F490F5F0F5F3F50BC1254
:106C6000284F1C4F02001D426211CD4831000E4CCE
:106C70000F488F108E104FEE0FEECD4F3000CD4CE1
:106C80002F008C10CD4C2E00195379F00700C2490B
:106C900016137A53C24A101311241F426211CF43B4
:106CA0002D00CF433100CF433000CF432F00FF40B2
:106CB00080FF2E00C2431613C24310135F42E3113C
:106CC0000F5BCF9300003334079331245F4B0200F6
:106CD0008F105FDB01007FF007001D4262116F9390
:106CE0001F201F4204120F932224B2900700361176
:106CF0001E20DF9D030003001A20B2F0EFFF880181
:106D00006E4DDF432C000E5DDF4EFFFF28006E4E00
:106D10007EF07F00CF4E29004F43B0123E4E073C1D
:106D20005F9305207F401800B012584C3F3CB012D2
:106D3000346A3C3CC243F811B012584E6F42B01254
:106D4000664E343C7F903E003120B012584EB292D5
:106D500036111120B012484C7F400900B012F84B98
:106D6000B012584EB012224F924336117F400300AA
:106D7000B012224E1B3CC29336130520A24236119C
:106D8000B012CE50133CB012224FB2400300361165
:106D9000B012B8453E403601B0128E840E4F3E50C0
:106DA0000B00824E7E110F43B0125C5037413841C8
:106DB00039413A413B4130410B120A120B4FB0129C
:106DC000484B4A4F0F4BB0122C47FF403F0000008A
:106DD0004F4AB0125A4B824322136F43B012466897
:106DE0004F936E205F42B1124E4F5E53C24EB112AE
:106DF000CB4F0300B012484B4A4F6F43B012284CA0
:106E00004F930B204F4AB0125A4BB012484BC2431B
:106E10009412B0125A4B5F43553C6F42B012C66594
:106E2000824B2A124F4AB0125A4B5F4B02008F100E
:106E30005E4B01000FDE3FF020CC4E4F3ED04100B4
:106E40008F104F4F8F100EDFCB4E01008E10CB4EA8
:106E50000200CB432C00CB432800CB432900CB437B
:106E60003100CB433000CB432F00FB4080FF2E008E
:106E7000D24396121B422A12B012484B1E423611C0
:106E80003E9202241E930324B0125A4B143CA24398
:106E90003611D2433613824B0412C2436A11B01228
:106EA0005A4B7F400300B01294694F9306247F40F1
:106EB0000300B0126E684F43053CB012DA65FB3F29
:106EC0007F4005003A413B4130410B120A12091242
:106ED0000B4D4A4C7C901D004F2CCD4F0B00CD4EDE
:106EE00006008E10CD4E0700B012484B1942FE111D
:106EF000B0125A4BCB4904008910CB490500B0129F
:106F0000484B19420611B0125A4BCB490800891060
:106F1000CB4909005F4B01003FD040885E4B020027
:106F20008E100FDECB4F01008F10CB4F02004F4A67
:106F30007F500D00CB4F0000C29303110824C243C1
:106F400003110F4BB012B86D4F930F20193CC24A7A
:106F50002812C2432912824B30117F401900B0120F
:106F6000584CC29303110A24033CF2430311083C1A
:106F7000C2430A124F43043C6F43023C7F40090066
:106F800039413A413B413041C293601130201E42A9
:106F90002E11C24E95118E10C24E9411C24F9611F1
:106FA000F2438E11F2438F11F24006009311829347
:106FB0002E121D20B24088112E12F24010008811AE
:106FC000C29300111224C24300117C4003003D40D3
:106FD00088113E437F400600B012CA6E4F930524CD
:106FE000D243001182432E123041D243601130410E
:106FF0000B120A1209120812494F084E4D4F0D5D2F
:107000008D432E12C24300111D422E120D930424F3
:107010005F4220131FF30224D2430011C2930011D8
:1070200014205B4D07008B105A4D06006C4D7C50B0
:10703000F3FF0E4B0EDA5F4D0B00B012CA6E4F938A
:1070400004247F401B00B012584C4993052038900F
:1070500088110220C2436011384139413A413B4115
:107060003041C293001107201E422E120E9F0320B2
:107070004F43B012F06F30410B120A12091208127E
:10708000071206123150F6FF7F901C000228304094
:10709000767A4F4F0F5F104F149CC293E411282053
:1070A0001A42B6121B42B812B012484B18421212C2
:1070B000194214121852181219621A12B0125A4BAD
:1070C000824AB612824BB812C243E411B012484B46
:1070D0008248181282491A12824A1212824B1412E2
:1070E000814F0800B01202531F410800B0125A4BE2
:1070F000B01266513A3CB0126651084E094FB2F0D8
:10710000EFFF820146433A433B40FF7F07430E4770
:107110000E5E0F4E0F5F0F5F0F5E3F503A12EFB3E0
:10712000080013240C480D492C8F1D7F02001E4FB0
:1071300004001F4F06000E8C0F7D0F9B03380520A7
:107140000E9A032C0A4E0B4F5643175337900700E5
:10715000DE23469302203040767A0B9304381B934B
:1071600008341A93062C0E480F49B012D65F3040EF
:10717000767A824AB612824BB812D243E411B01228
:10718000484B8248181282491A12824A1212824BC4
:107190001412814F0800B012025330407A77B012B7
:1071A000484BD242AE122011F24003005C11B012E3
:1071B0005A4BC293201102243040767AB0124467B1
:1071C0003040767AC2935A1102203040767AF2F03B
:1071D000FDFF5612B0120C624A4F8A10B0120C62B8
:1071E0004F4F0ADFB0120C62B012CC61B012FC61DA
:1071F000B012AC61B012BC611F426C113F90030031
:1072000006243F90050002243040767A0A3CC243AF
:107210005A110D4A4E435F423013B012305C304079
:10722000767AC2435A110D4A4E435F423013B01270
:107230005A5C3040767A1F426C113F900600092458
:107240003F90070002243040767AC2435A11304002
:10725000767AC2435A11C24356113040767AD2939D
:1072600050110220B0129E62B012484BC24350111E
:10727000C2435211B0125A4B3040767AB012484B8A
:10728000D24200121311F24003005411B0125A4BB3
:107290005F4213114F9305245F9302243040767AA6
:1072A000193CC29316111024C2935A110D20D243D7
:1072B0005A11B24003006C11C2433013B012F46291
:1072C0004F9302203040767A4F43B012BA5B3F4072
:1072D0009E9B183CC29316111024C2935A110D2084
:1072E000D2435A11B24005006C11D2433013B01290
:1072F000F4624F9302203040767A5F43B012BA5B5B
:107300003F40C09BB0121C9A3040767AB0129E6209
:107310003040767AB012484BF2F0BFFF2200B01234
:107320005A4BB012BC61B012EC61B012DC61B01209
:10733000484BF2F07F002100B0125A4B7F4005000D
:107340003D3CC29397120220B0122C5E1F422613BE
:10735000C293971202243040767AB0120A4B304022
:10736000767AB012484BE2434C11B0125A4B5F424E
:1073700012114F9305245F9302243040767A023C29
:107380004F43013C5F43B01260653040767AF29320
:10739000111102203040767AC293B21203243F408A
:1073A0000600023C3F400500B012725F4F9304207C
:1073B000F24311113040767A7F400B00B012584CE6
:1073C0003040767A5B421011B012484B4E4B0E5E45
:1073D0000D4E3D50BC118D4300008E4D1213B01266
:1073E0005A4BD24310114B9302243040767A243CFE
:1073F0005A421011B012484B484A0D480D5D1B4DC2
:10740000BC11B0125A4B023C1B4B02000B93FC23E5
:10741000B012484B0E480E5E8E43BC114D4A0D5DB6
:107420003D50BC118E4D1213B0125A4BD243101165
:107430004A9302243040767AB0121A5F3040767A4E
:10744000B012484B82430C12153FC2938C12052494
:107450000F43B012886F4F43043C1F43B012886F34
:107460005F43B0126C663040767AB012484B4B4F97
:107470005F43B012D24692433611C2433411C24325
:10748000C211C243E5114F4BB0125A4BB012484BD8
:10749000814F0800B01272479243E011C243F811C5
:1074A000F2F0FEFF2500F2F0FEFF2300D2D324000D
:1074B000D2D325001F410800B0125A4BB012484BDE
:1074C0004B4FA292481105207F400300B012F84BA9
:1074D0004F4BB0125A4BB012484B4B4FB012584E54
:1074E0004F43B012664E4F4BB0125A4B6F43B0121F
:1074F000C665B012484BF2F0EFFF310030407472B5
:107500004F43B012C6653040767AB012484BB01285
:107510005A4B7F400300B012284C4F933D24B012C9
:10752000484B4B4F82433611B2F0EFFF8801B2F067
:10753000EFFF8401F2F0FDFF1F007F400300B01257
:10754000664EB012584E4F4BB0125A4BB012484BC9
:107550008243E011814F0800B0127247B012584EBA
:10756000F2F0FEFF2500F2F0FEFF23001F410800AD
:10757000B0125A4B82434811B012A666B012484B63
:10758000F2F0DFFF1D00B0125A4BB012B6667F401A
:107590001100B012584C033C6F43B012C6651B4239
:1075A0002A12B012484BC2439412B0125A4B829323
:1075B000221302243040767AF24303110F4B3040FD
:1075C0001A7AB012484B4B4FC29334130224304006
:1075D0007472D2433413A292481104205F43B01254
:1075E0006E68523C7F401400B012584C4D3CB012B3
:1075F000484BC243341330407472B012484B5B4264
:107600000B11B0125A4B7B90050002283040767A5D
:107610004F4B0F5F104F4C9CB012484CB012484B70
:107620004B4FA2934811022430407472B2400300C1
:1076300048113E4018007F401D00B0126C59F2F016
:10764000EFFF2500F2F0EFFF2300F2F0EFFF240040
:10765000F2D0100025005F43B012F84B3E407F028D
:107660007F401C00B0126C59B012C666B012F266B0
:107670003E40562A7F401700B0126C593E40FF80B2
:107680007F401500B0126C594F4B30407472B012ED
:10769000484C7F400600B012F84BB012C666B012DC
:1076A000F266B012285AB012584EB012484C7F40C1
:1076B0000300B012F84BB012584E5F43B012664E42
:1076C0007F4014003040BC73B012484CB012484B9D
:1076D0004B4FB012DE4B4F9304244F4BB0125A4B1A
:1076E0000D3C4F4BB0125A4B7F405300B012104626
:1076F0004F43B01210464F43B0121046B012584ECE
:107700006F43B012664E3040767AB012484B5B42FF
:107710003611B0125A4B6B9208247B920A246B9359
:107720001E20B012DA653040767AB012CE5030406A
:10773000767AB012484C7F400900B012F84BB01274
:10774000584EB012224FB012484B92433611B0122D
:107750005A4B7F400300B012224E3040767AB0126E
:10776000224F3040767AB012124E3040767AB01204
:10777000484B814F0800B012AA6A1F4108003040F0
:107780007472B012484BD242E2110811F240030069
:107790004411B0125A4BC29308110220B0120E6964
:1077A000C293081102243040767A7F4015003040A1
:1077B000BC731A426211674A4E470E5A6F4E4F5FB2
:1077C0000F430F6FCA4F2B006F4E7FF07F00CA4FE1
:1077D0002900DA4EFFFF2800594A02005B4A0100E7
:1077E000B012484B5842E611B0125A4B489343240A
:1077F0004E498E104F4B0EDF8E104E4E12C30E10A0
:1078000012C30E103EF003002E931D20584A0700AD
:1078100088105F4A060008DFB012484B1B421C125A
:10782000B0125A4B089B0B245F4A07008F105E4A28
:1078300006000FDE1E433F9303240E43013C1E430C
:107840000E931920CE3C3E900300CB209142A6120D
:1078500000009142A81202009142AA120400914233
:10786000AC1206003D420E410F4A3F500600B012D6
:1078700044900F93B62077900D00B3281A426211FE
:107880005E4A02008E105F4A01000EDF0F4E8F101D
:107890004F4F12C30F1012C30F103FF003000C4ADA
:1078A0003C5006008E104E4E7D40060012C30E1056
:1078B0007D53FC233E90030002242E43013C3E42B4
:1078C0003F90030002242F43013C3F420C5F0843DA
:1078D0000F430D4C0D5F6D4D085D1F530F9EF93B1F
:1078E000594A0300F2432413B012484B5C4224135C
:1078F0003E406E110D43289E0720CE9902000320C2
:10790000C24C2413653C4C4D1D532E522D92F32333
:10791000C24C2413B0125A4B5B422413B012484B92
:107920007B930324C29B321104205B4232115D43DE
:10793000013C4D434E4B0E5E0E5E8E486E11CE499D
:1079400070114D9307245E4232115E537EF00300A6
:10795000C24E3211B0125A4BB012484B494F0F4A27
:10796000B0122C476B4F4F49B0125A4BCA932B00A1
:1079700036247B903F003320584A070088105F4A26
:10798000060008DFB012484B1B420611B0125A4BDA
:10799000089B0B245F4A07008F105E4A06000FDE2B
:1079A0001E433F9303240E43013C1E430E931724B2
:1079B000FA9006000B0013207790100010205F4A09
:1079C0000E005F930820B012484BF2F0BFFF310069
:1079D000B0125A4B043C4F930220B012925A824A82
:1079E0006211B012484BC243F811B0125A4BB01298
:1079F000346A413C5F420A125F9203113C24C24F39
:107A000003114F930D201F423011B012B86D4F93E8
:107A10003224F24303111F423011B01262702B3C2A
:107A2000F2430311283C5D4220134D9324245B4212
:107A300060113E402E124C435F434DBF0A242A4E34
:107A40008E4300004DCF4C9304203A9088110120C2
:107A50004B434F5F5C532E537C92EF23C24D201358
:107A6000C24B6011083C5F4200114E4F0E5E1E4E2D
:107A70002E12B012F06F31500A00364137413841B2
:107A800039413A413B413041F29311130824B0127D
:107A9000DE497F930624B01278705F4330414F4334
:107AA00030414F4330410B120A12091208120712DB
:107AB000061205127F9202283040727E4F4F0F5FF0
:107AC000104F569C1F4282018F105FF304241F4207
:107AD00092013040727EB2F0EFFF82018293121267
:107AE00008208293141205204F43B012584C3040A6
:107AF000727EB01202533040727E1F4284018F109A
:107B00005FF302203040727E18429401B2F0FEFF13
:107B10008401B2F0FDFF8401B0122E4F0C4E0C8890
:107B20000D43064E074F068C077D1F4236113F90CE
:107B3000050004243F900600BC209A3CB240060099
:107B40003611D243F511C24334116F43B012D246FD
:107B50001C420412CC4631000F460D478F108D1089
:107B60004FED0FEDCC4F30000F47CC472F008F105B
:107B7000CC4F2E00CC932D006424654C7550FBFF38
:107B80004945095C6D490A430B430B4D8B100C436F
:107B90000D435D4901000CDA0DDB5A4903000B432C
:107BA0000CDA0DDB5A4902004BEA0BEA8B104A4A09
:107BB0008A100CDA0DDB0C860D77C94C03000A4DD8
:107BC0008C108A104CEA0CEAC94C02000F4DC94DCA
:107BD00001008F10C94F0000B012484C6C420D4993
:107BE0004E450F43B012B059B012584E6F490C4376
:107BF0000D430D4F8D100A430B435B4901000CDA16
:107C00000DDB5A4903000B430CDA0DDB5A49020025
:107C10004BEA0BEA8B104A4A8A100CDA0DDB0C5641
:107C20000D67C94C03000F4C0C4D8F108C104FEC9E
:107C30000FECC94F02000F4DC94D01008F10C94F05
:107C400000001D4204125F4D02008F105D4D0100C7
:107C50000FDD3FF020000224D243C211B012224FA8
:107C6000B2F0EFFF8801E2B31C0002243040727EC4
:107C7000C243F5115F43B012D2461D4204125F4D5C
:107C800002008F105D4D01000FDD3FF02000092440
:107C9000B240070036113E4000010F43B0125C5065
:107CA000033C4F43B0123E4EE2B31C000220304072
:107CB000727EC29334112720C293F5112420D2433F
:107CC000F5116F43B012D2465C421C005D421013A6
:107CD0007D920E2C4F4D5F5216133FF007000F5F41
:107CE0000F5F8F46BC128F47BE125D53C24D1013FB
:107CF000D243341182482212E2B31C00BA204E4C07
:107D00006EF35A4301204A43D293F511B220C24385
:107D1000F5115F43B012D246C24334114A93A920F1
:107D20000F481F8222123F900A00A32C5F421013BB
:107D30004F9303247F53C24F10131F4204120F931B
:107D40009824CF432D00CF433100CF433000CF43A1
:107D50002F00FF4080FF2E008C3C1F4286018F10B9
:107D60005FF303241F429601843CB2F0EFFF8601CB
:107D70008293EA1106208293EC110320B0128456FC
:107D8000783CB012E251753C1F4288018F105FF3BE
:107D900003241F4298016D3CB2F0EFFF88018293EB
:107DA000FA1146208293FC1143201F4236113F50A6
:107DB000FDFF3F9006002F2C0F5F104F669CF2B026
:107DC000100020000824A24236113E4007000F4355
:107DD000B0125C50203CB012A0501D3C7F4003000C
:107DE000B01294694F9305247F400300B0126E686F
:107DF000123CB012CE500F3C4F430B3C7F40090069
:107E0000B012F84B5F43B012D246B012224F7F40FF
:107E10000700B0123E4E929348112B20A243481106
:107E2000B012A666B012B6664F43B0126E68213C1F
:107E3000B012784F1E3C1F428A018F105FF3192445
:107E40001F429A01163C1F428C018F105FF31124D0
:107E50001F429C010E3C1F428E018F105FF30924CC
:107E60001F429E01063C92530E12925330128263BF
:107E70003212354136413741384139413A413B416F
:107E800030410F120E120D120C124F43B012FC496A
:107E90003C413D413E413F41B1C0F0000000001374
:107EA0000F120E120D120C121F422E014F4F12C351
:107EB0004F10B012FC493C413D413E413F41B1C0F1
:107EC000F000000000130F120E120D120C124F439F
:107ED000B012A67A3C413D413E413F41B1C0F00065
:107EE000000000130F120E120D120C121F421E0181
:107EF0004F4F12C34F10B012A67A3C413D413E4154
:107F00003F41B1C0F000000000130F4330410F1299
:107F10000E120D125D427E005F425C114F931924D8
:107F2000153CC293201115201E42F6110E93112408
:107F30001F4280120E5FCE4D00001F53824F8012F1
:107F40001F92361206288243F611033C7F900300ED
:107F5000E8273D413E413F41B1C0F0000000001321
:107F60000F120E125F425C114F931C24183CC293F7
:107F700020111820C29364110F201F4202121F9279
:107F80008E120A2C1E4228130E5F6E4E1F53824F14
:107F90000212C24E7F00063C82432813033C7F90AE
:107FA0000300E5273E413F41B1C0F000000000134F
:107FB0000B120B4FB012484B4E4FC29320110F20A3
:107FC000F29003005C110B20B0125A4BF2F0DFFF6D
:107FD0000300F2F0DFFF0100C24B7F00053C4F4E73
:107FE000B0125A4B3B43123C5F4203003FF020006B
:107FF000FB27F2F0DFFF0300B012484BF2F0DFFF87
:108000000300F2D020000100B0125A4B0F4B3B414D
:1080100030410F120E120D120C1221835E4223000A
:108020005F4225004FFE4F4F814F000091B300008B
:108030000E24F2F0FEFF23009293E0110520A243EC
:10804000E011B0120E6A593CD253E711563CA1B36D
:10805000000005245F4223007FF0FDFF4C3CA1B2ED
:10806000000005245F4223007FF0FBFF443CB1B2D7
:10807000000005245F4223007FF0F7FF3C3CB1B0D5
:10808000100000001924F2F0EFFF2300A242481173
:10809000F2F0EFFF2500F2F0EFFF23000E437F40E8
:1080A0001D00B0126C59B012285AB012584EB012BE
:1080B000484C7F4010000B3CB1B0200000000A2467
:1080C000F2F0DFFF2300B0127A5A7F400300B012B3
:1080D000584C133CB1B04000000005245F4223001F
:1080E0007FF0BFFF083CB1B08000000006245F4273
:1080F00023007FF07F00C24F230021533C413D41CC
:108100003E413F41B1C0F000000000130F120E12BB
:108110000D120C1221835E422B005F422D004FFE98
:108120004F4F814F000091B3000005245F422B00A8
:108130007FF0FEFF073CA1B3000007245F422B0045
:108140007FF0FDFFC24F2B00433CA1B2000005248D
:108150005F422B007FF0FBFFF53FB1B2000005242A
:108160005F422B007FF0F7FFED3FB1B01000000041
:1081700005245F422B007FF0EFFFE43FB1B0200009
:10818000000005245F422B007FF0DFFFDB3FB1B032
:108190004000000005245F422B007FF0BFFFD23F6C
:1081A000B1B0800000001424F2F07F002B00F2F048
:1081B0007F002D00F2F07F002B005F43C2938C12F2
:1081C00001244F43C24F8C127F400F00B012584C15
:1081D00021533C413D413E413F41B1C0F0000000D0
:1081E00000130F120E120D120C120B121F42A801D7
:1081F0003F9005000A2CB01250461E42A6010E9375
:108200009B243FF080005E4301244E435F422C12CA
:108210003FF01F003F533F9010008C2C0F5F104F1A
:10822000729CB01270491E4240015F428011B01230
:10823000A254823C1E4240015F428011B012A254FF
:108240004F937A24773C1F4282110F5F1C42241205
:108250000C5F5B42E8110D434F4D0F5F3F504001F3
:10826000AC4F00002C531D530D9BF62B1B5282115B
:10827000824B82114E930320829BC0115D20B0126D
:10828000704982438211583C1D4282110F4D0F5F8D
:108290001B4224120B5F1F42C0110F8D0D4F3F90E8
:1082A000110002283D4010000C434F4C0F5F3F501F
:1082B0004001AB4F00002B531C530C9DF62B1D525D
:1082C0008211824D82114E9304201F42C0110F9DD6
:1082D0000920B0127049824382115F428011B012AE
:1082E000F6582A3C0F8D3F901000262C4F43B012B9
:1082F000B6464E4F7ED080FF5F42C0115F82821132
:10830000B0123646193C1D4224124E434F4E0F5FA9
:108310003F504001AD4F00002D535E534F4E1F9212
:10832000C011F42B5F428011B012F658824F241214
:108330000F930220B01270493B413C413D413E4108
:108340003F41B1C0F000000000130F120E120D12D9
:108350000C125E4276005F4244114F931C24183C7D
:10836000C293081118201F4286120F9304241F5233
:108370001413CF4EFFFF929218131413032CB01254
:10838000624B093CF2F0BFFF0000B012AA6A033C46
:108390007F900300E5273C413D413E413F41B1C054
:1083A000F000000000130F125F4270003FF0200049
:1083B00006245F4270002FF202245F4270003F41AA
:1083C000B1C0F000000000130B120A1209120812CB
:1083D0000712061205120412084C094D0A430B43FA
:1083E0000C4E0D4F0E430F43B012348434413541CF
:1083F00036413741384139413A413B4130410B1216
:108400000A12091208120712061205120412184164
:108410001200194114001A4116001B411800B01235
:1084200034843441354136413741384139413A414C
:108430003B41304104430543064307430E3C12C30E
:108440000B100A10091008100428045C056D066E54
:10845000076F0C5C0D6D0E6E0F6F0893F023099380
:10846000EE230A93EC230B93EA230C440D450E46AE
:108470000F4730417C4010000D4E0E430F5F0E6ED3
:108480000E9D02280E8D1FD31C83F8233041B0129D
:1084900074840F4E30410B120A12091279402000E9
:1084A0000A4C0B4D0C430D430E5E0F6F0C6C0D6DA3
:1084B0000D9B062802200C9A03280C8A0D7B1ED3E4
:1084C0001983F22339413A413B413041B01296843D
:1084D0000E4C0F4D30410B120A120A4E0B4F0C433B
:1084E0003D40004FB0126A8A0F9307340E4A0F4B7B
:1084F000B012BA8A3A413B4130410C433D40004FF3
:108500000E4A0F4BB012F687B012BA8A0E533F6074
:1085100000803A413B4130410B120A120912081205
:1085200007120612051204123150FAFF084D6B4F64
:108530006B9367286C4E6C93E9286B920220304055
:1085400098876C92E3246C93BB246B93DF24914F48
:10855000020000001B4E0200144F0400154F0600DD
:10856000164E0400174E06002C410C8B094C0C9340
:10857000BF383990200050341C93D7388146020010
:10858000814704004C497CF01F000B240A460B472E
:1085900012C30B100A107C53FB23814A0200814B4B
:1085A00004001C430D4379F01F0004240C5C0D6D86
:1085B0007953FC233C533D630CF60DF71A430B43F0
:1085C0000C9302200D93E52416410200174104008C
:1085D00006DA07DB5F4F01005F9E01002820C84FCD
:1085E0000100A84102000E460F470E540F65884E49
:1085F0000400884F0600F840030000000F934D3838
:108600000F48315006003441354136413741384139
:1086100039413A413B4130412B916738814B000051
:10862000044305435F4F01005F9E0100D8274F932D
:1086300068240E460F470E840F750F936938C843A0
:108640000100A8410200884E0400884F06000C4E2D
:108650000D4F3C533D633D90FF3F05283D9000404A
:10866000172C3C93152C1B4802003B530E5E0F6FDA
:108670000A4B3B530C4E0D4F3C533D633D90FF3F27
:10868000F52B3C24884E0400884F0600884A0200DF
:10869000F840030000000F93B3370C4E0D4F1CF34E
:1086A0000DF312C30F100E100A4C0B4D0ADE0BDF38
:1086B000884A0400884B0600985302000F48A13FE7
:1086C0006B939F23AD4F00009D4F020002009D4F12
:1086D000040004009D4F060006005E4E01005EFF90
:1086E0000100CD4E01000F4D8C3F064307439A3FDA
:1086F00039E31953399020008F373E3F3C93B62B16
:10870000C13F0E440F450E860F77973F0F4E793FBE
:10871000D8430100A84102003EE33FE31E530F632C
:10872000884E0400884F0600923F0C937B278159A6
:10873000000081440200814504004D497DF01F0086
:108740000C244B4D0C440D4512C30D100C107B53E3
:10875000FB23814C0200814D04001C430D4379F042
:108760001F0004240C5C0D6D7953FC233C533D63C6
:108770000CF40DF51A430B430C9304200D930220C7
:108780000A430B43144102001541040004DA05DBDF
:10879000493F0A430B43183F6C923323DF9E01008D
:1087A00001002F273F40AE9C2C3F3150E0FF814E0F
:1087B0000400814F0600814C0000814D02000E41F3
:1087C0003E5018000F412F52B0127C8E0E413E5089
:1087D00010000F41B0127C8E0D413D520E413E50B3
:1087E00010000F413F501800B0121885B0129E8C37
:1087F0003150200030413150E0FF814E0400814F64
:108800000600814C0000814D02000E413E501800D0
:108810000F412F52B0127C8E0E413E5010000F417E
:10882000B0127C8ED1E311000D413D520E413E50FD
:1088300010000F413F501800B0121885B0129E8CE6
:108840003150200030410B120A120912081207128F
:108850000612051204123150DCFF814E0400814FD4
:108860000600814C0000814D02000E413E50180070
:108870000F412F52B0127C8E0E413E5010000F411E
:10888000B0127C8E5F4118006F93B6285E411000D5
:108890006E93D9286F92AE246E92E2246F93AC242B
:1088A0006E93D12414411C0015411E001841140080
:1088B000194116003C4020000E430F430643074376
:1088C00081432000814322000A430B43814C200056
:1088D000083C0858096912C305100410B153200060
:1088E000192414B30D240A580B690E560F671C4344
:1088F0000D430B9903280B240C430D430E5C0F6DA5
:10890000065607670993E53716D307D3E23F0A985F
:10891000F52BF23F814A2000814B22000C4F1A4177
:108920001A001A511200064A265381460A005D4376
:10893000D191110019008324C14D09000C933C38DA
:108940003F900040182C1D410A003D531A41200061
:108950001B4122000C4D0E5E0F6F0B932A380A5AF2
:108960000B6B3D533F900040F52B814A2000814B1B
:108970002200814C0A000C4E0D4F3CF07F000DF39D
:108980003C9040004424814E0C00814F0E00F14089
:10899000030008000F413F52B0129E8C315024005A
:1089A0003441354136413741384139413A413B4103
:1089B00030411ED30FD3D33F3A500300084A1EB3B1
:1089C00010241C4120001D41220012C30D100C1068
:1089D000064C074D06D337D00080814620008147E2
:1089E000220012C30F100E101A530F93E73B814859
:1089F0000A00A63F6E9336245F43D19111001900FF
:108A00002024C14F19000F413F501800C53F0D935E
:108A1000BA230C4E0D4F3CF080000DF30C93B323A2
:108A20000D93B12381932000032081932200AB2773
:108A30003E5040000F633EF080FF3FF3A43F4D43A4
:108A40007B3F4F43DE3F5F43D19111001900062465
:108A5000C14F11000F413F5010009E3F4F43F83F60
:108A60006F93F1233F40AE9C973F3150E8FF814E1A
:108A70000400814F0600814C0000814D02000E4130
:108A80003E5010000F412F52B0127C8E0E413E52CC
:108A90000F41B0127C8EE19310000D28E193080085
:108AA0000A280E413E520F413F501000B012A08FD5
:108AB0003150180030413F43FB3F3150F4FF814EAD
:108AC0000000814F02000E412E520F41B0127C8EE9
:108AD0005F4104006F93282427286F9207241D41CB
:108AE00006000D9321383D901F000938C193050001
:108AF00026203E433F40FF7F31500C0030411E4155
:108B000008001F410A003C401E004C8D4D4C7DF07A
:108B10001F000F20C1930500EF273EE33FE31E53E4
:108B20000F6331500C0030410E430F4331500C00A5
:108B3000304112C30F100E107D53FB23EB3F0E4349
:108B40003F40008031500C0030410B120A120912D4
:108B5000081231820A4E0B4FC14301000E930D20C3
:108B60000B930B20E14300000F41B0129E8C315259
:108B7000384139413A413B413041F1400300000066
:108B8000B1401E000200814A0400814B06000E4ADB
:108B90000F4BB0122C8C3F530F931838E527814AA6
:108BA0000400814B06004E4F7EF01F0006203E4021
:108BB0001E000E8F814E0200D73F91510400040029
:108BC0009161060006007E53F823F13F0E4F3EE30D
:108BD0001E531C430D43484E78F01F0004240C5CC8
:108BE0000D6D7853FC233C533D630CFA0DFB184389
:108BF00009430C9304200D930220084309437EF09F
:108C00001F000E200D480E490DDA0EDB814D0400C9
:108C1000814E06003E401E000E8F814E0200A43F92
:108C200012C30B100A107E53FB23EC3F0B120A12E7
:108C300009121F93172C3E9000012C283A4018006F
:108C40000B4339420C4E0D4F4F494F9317203C5068
:108C5000B69C6E4C0F430A8E0B7F0F4A39413A4146
:108C60003B4130413F9000010F283A420B433940CD
:108C700018000C4E0D4F4F494F93E92712C30D10AA
:108C80000C107F53FB23E33F3A4010000B43394065
:108C90001000EF3F3A4020000B430943EA3F0B121C
:108CA0000A120912081207120D4F1E4F04001F4F1F
:108CB00006005A4D01006C4D6C9370286C926A242A
:108CC0006C9336240E9332241B4D02003B9082FF9E
:108CD0006D383B9080005E340C4E0D4F3CF07F00B1
:108CE0000DF33C90400040243E503F000F630F9333
:108CF0004A380D4B3D507F0012C30F100E1012C3A7
:108D00000F100E1012C30F100E1012C30F100E1002
:108D100012C30F100E1012C30F100E1012C30F103B
:108D20000E103EF33FF07F004D4D053C0F93CC23DA
:108D30004D430E430F434D4D0D5D0D5D0D5D0D5DBE
:108D40000D5D0D5D0D5D0C4F3CF07F000CDD4F4A5D
:108D50000F110F430F100D4C0DDF0F4D37413841F0
:108D600039413A413B4130410D93BE230C4E0D4FEA
:108D70003CF080000DF30C9302200D93B8273E5079
:108D800040000F63B43F12C30F100E100D4B3D5047
:108D90008000B23F7D430E430F43CD3F0ED33FD003
:108DA00010003EF33FF07F007D43C53F374082FF18
:108DB000078B37901A004F340C4E0D4F4B477BF00A
:108DC0001F00052412C30D100C107B53FB23184306
:108DD000094377F01F000424085809697753FC23DE
:108DE0003853396308FE09FF1E430F4308930420DC
:108DF000099302200E430F43084E094F08DC09DD9A
:108E00000E480F493EF07F000FF33E9040002624AD
:108E100038503F0009630E480F4912C30F100E105F
:108E200012C30F100E1012C30F100E1012C30F102A
:108E30000E1012C30F100E1012C30F100E1012C31B
:108E40000F100E103EF33FF07F005D43399000405D
:108E5000722F4D43703F08430943DA3F0F93D823E5
:108E60000E480F493EF080000FF30E930424385053
:108E700040000963D03F0F93CE27F93F0B120A122F
:108E80002A4F5B4F02003BF07F001D4F020012C3D0
:108E90000D1012C30D1012C30D1012C30D1012C30A
:108EA0000D1012C30D1012C30D104D4D5F4F030076
:108EB0003FB080000F430F6FCE4F01000D932D2068
:108EC0000A935124BE4082FF02000C4A0D4B0C5CF9
:108ED0000D6D0C5C0D6D0C5C0D6D0C5C0D6D0C5C0A
:108EE0000D6D0C5C0D6D0C5C0D6DFE400300000003
:108EF0003D9000400B2C3F4081FF0C5C0D6D0A4FF4
:108F00003F533D900040F92B8E4A02008E4C0400E6
:108F10008E4D06003A413B4130413D90FF002A24EE
:108F20003D5081FF8E4D0200FE40030000000C4AC0
:108F30000D4B0C5C0D6D0C5C0D6D0C5C0D6D0C5CCB
:108F40000D6D0C5C0D6D0C5C0D6D0C5C0D6D0A4CAB
:108F50000B4D0AD33BD000408E4A04008E4B0600D6
:108F60003A413B4130410B93AD23EE4300003A417F
:108F70003B4130410A930C240C4A0D4B0CF33DF05D
:108F800010000C9302200D930824DE430000E43F00
:108F90000B93F223EE420000E33FCE430000DC3FA0
:108FA0000B126D4F6D9312286C4E6C930F286D92BF
:108FB00041246C9211246D930D246C9314245D4F05
:108FC00001005D9E010014244D9309201E430F4EA5
:108FD0003B4130416C932824CE930100F7233E435C
:108FE0000F4E3B413041CF930100F0273E43F83F05
:108FF0001B4F02001C4E02000C9BE63B0B9C1638DC
:109000001B4F04001F4F06001C4E04001E4E06009E
:109010000E9FDA2B0F9E02280C9BD62B0F9E062844
:109020000E9F02280B9C02280E43D13F4D93CE2366
:109030003E43D63F6C92D7235E4E01005F4F010046
:109040000E8FC53F0B120D930A247B4F7C4E4B9C19
:1090500004244F4B4E4C0F8E033C3D53F43F0F43C3
:109060003B4130410B120A120912081207120D93EC
:1090700070240F9E6E24342C0C4E0CDF1CF31B242A
:109080000C4E0CEF1CF307202D9307280B4E1BF3FF
:109090002C430C8B033C0C4D013C1C430D8C0A4CA7
:1090A000094E0B4FFB4900001B533A53FB230A4F59
:1090B0000A5C0E5C013C0A4F0B4D12C30B100B24D3
:1090C000094B084E0C4ABC4800002C533953FB2373
:1090D0000B5B0E5B0A5B1DF33C24EA4E0000393C3F
:1090E0000E5D0C4F0C5D0B4C0BDE1BF31B240B4C6D
:1090F0000BEE1BF306203D90030003280B4E1BF3E1
:10910000013C0B4D0D8B094E0A4C084B088C3A5311
:109110003953EA490000074A0758F9233BE31B5338
:109120000C5B0E5B0B4D12C30B100E240A4B084E4A
:10913000094C28832983A94800003A53FA230A8B53
:109140000B4A0B5B0E5B0C5B1DF30324DC4EFFFF35
:10915000FFFF3741384139413A413B4130410B1221
:109160000A12091208123D900600092C0C4F043C0B
:10917000CC4E00001C533D530D93FA23203C4E4E21
:109180004B4E0B9303240C4B8C100BDC1FB30624AB
:109190003D53CF4E0000094F1953013C094F0C4D70
:1091A00012C30C100A49084C8A4B00002A5338534A
:1091B000FB230C5C0C591DF30224CC4E00003841FB
:1091C00039413A413B4130410D412D533E4D3F40E5
:1091D000B07FB0127E9330410D4E0E4F3F40B07FB6
:1091E000B0127E9330410B120A12091208120712B4
:1091F0000612051204123182084F814E0400094DF7
:109200001F411A001D411C004C4D044D8410454463
:109210004E4F7EB040001124F140300000000E4F50
:109220008E105EF303247E405800023C7E4078009E
:10923000C14E01000C412C530F3C7EF02000042451
:10924000F14030000000043C4C930524C14D000067
:109250000C411C53013C0C410A4C8C108C118C109D
:109260008C110B4C06410C418C108C118C108C1104
:10927000074C0A860B770E4F8E10C14E02006EF21D
:1092800002240745013C37434F4F7FB010003C207C
:109290001D4104003D531D53CD930000FC231D814F
:1092A0000400099A0228098A013C0943E1B302003B
:1092B0000524099502280985013C0943054D079DB0
:1092C000012C05474F930D38F1402000060006435E
:1092D0000B430E3C0F410F566F4F8F1116538812E0
:1092E000013C0643069AF63B0B4AF140300006006B
:1092F000058B053C5F4106008F1188121B530F45FB
:109300000F5B0F99F72B0A3C06430B43073C1B539B
:109310000F410F566F4F8F1116538812069AF73B65
:10932000E1B3020002244A44083C1A4104000A8BBB
:109330000D3C3F40300088127A534A93FA2344444C
:109340000B54F33F37538F1188121B530F4A0F5B97
:109350006F4F4F9307240793F523043C3F402000B1
:1093600088121B530B99FA2B0F4B31523441354164
:1093700036413741384139413A413B4130410B1286
:109380000A120912081207120612051204123150AD
:10939000B6FF814F3A00064E054D814E3E00C14357
:1093A0002F00C1432B00C1432E00C1432A0081433B
:1093B000300081432600074381432C000E413E507C
:1093C0001C00814E1C003040F8990F461F53814FFE
:1093D000400007931E207E9025001320814300004B
:1093E0008143020081463E00C1432F00C1432B0050
:1093F000C1432E00C1432A00814330003040EE9922
:1094000005478E110F4E91123C0091532C003040B5
:10941000D4997E906300C5247E90640027347E90AA
:10942000300094247E9031001A347E902A007724F4
:109430007E902B000A347E90230042247E902500EB
:10944000E0277E9020003220563C7E902D0049245B
:109450007E902E005B247E902B002820473C7E903F
:109460003A008C387E9058002120E93C7E906F00B5
:1094700024247E9070000A347E906900E3247E905C
:109480006C0022247E9064001120DC3C7E907300EE
:1094900098247E90740004347E9070000720B83CBD
:1094A0007E907500D1247E907800D22419413E0030
:1094B00018412C0008893040C299B1422800CB3CA9
:1094C000F1D200003040F299694159F36E41042411
:1094D0007EF0FEFF6ED3013C5ED3C14E00003040F3
:1094E000F299F1D0100000003040F299F1402B00C9
:1094F00002003040F299F1902B000200022030402F
:10950000F299F140200002003040F299C1932A0004
:1095100002243040D899D1432E003040F2990E45B4
:109520002E532A450A930338814A26000D3CC193E5
:109530002E0002243040E899F1D0100000003AE3F8
:10954000814A260091532600054E273C8193260030
:109550001520C1932E001220694179F010005E435E
:1095600001244E434E4E0E110E434E106A417AF0C6
:109570007F004ADEC14A00003040F2991A412600BD
:109580000A5A0C4A0C5C0C5C0A5C814A2600B150F9
:10959000D0FF26008E11815E2600D1432A00304084
:1095A000F299074527536E45C1932E000320C193BE
:1095B0002A002627C14E0400C14305000E412E5249
:1095C000033C074527532E45C1932E000724E1D2C3
:1095D00001001F412600C14F0300063CC1932A0031
:1095E00003249141260030000E9302203E40B69D98
:1095F00011120400111204001D4134001F413E00ED
:10960000B012E6912152815F2C0005473040D49979
:1096100007452753294581491E005E4309930120D0
:109620004E434E5E4E5E4E5E6A417AF0F7FF4ADE72
:10963000C14A00000547B14010002800533CD1D377
:109640000100063CE1D20000B1400A002800033CC2
:10965000B140100028006B416BB324240C453C52F0
:10966000284517450200164504001B4506008148A1
:109670001E008147200081462200814B2400D143F7
:109680002B000893062007930420069302200B93D7
:109690000224C1432B000B5B0B430B6BC14B2F0010
:1096A000054C203C5BF307450D24275228451B45FC
:1096B000020081481E00814B2000D1432B000893FB
:1096C0000920063C27532B45814B1E00D1432B001C
:1096D0000B930224C1432B000B5B0B430B6BC14B61
:1096E0002F000547F1B200001224C1932B000F2078
:1096F0006841B19010002800032078D04000053C5C
:10970000B1922800042078D02000C14800006841B0
:1097100068B23024C1932F002D24F1402D000200A7
:1097200068B31124B1E31E00B1E32000B1E32200CD
:10973000B1E3240091531E00816320008163220065
:1097400081632400173C58B30F241A411E001B41AB
:1097500020003AE33BE30E4A0F4B1E530F63814E4A
:109760001E00814F2000063C1A411E003AE31A53A6
:10977000814A1E00C1431B0068B36A2416411E00C3
:10978000914120003C00184122001441240007416F
:1097900037501A0009469141280032001B41280029
:1097A0008B108B118B108B11814B3400814B360049
:1097B000814B380011123A0011123A0011123A008E
:1097C00011123A000C491D4144000E480F44B012DA
:1097D000CC9A31520B4C3C900A0005347B5030003F
:1097E000C74B00000C3C4B4CD1B3010003247A4022
:1097F0003700023C7A4057004A5BC74A00000647E0
:10980000365311123A0011123A0011123A00111295
:109810003A000C491D4144000E480F44B012A69A6C
:109820003152094C814D3C00084E044F37530C9384
:10983000B2230D93B0230E93AE230F93AC23814339
:109840001E008143200081432200814324006C3CA0
:1098500058B33E2414411E001741200008413850DF
:109860001A001941280089108911891089111C4199
:1098700028000D490E440F47B012CC840B4E3E9089
:109880000A0005347B503000C84B00000C3C4B4EA6
:10989000D1B3010003247A403700023C7A405700DC
:1098A0004A5BC84A0000064836531C4128000D494F
:1098B0000E440F47B0129684044E074F38530E9350
:1098C000D0230F93CE2381431E00814320002C3CE4
:1098D00017411E00084138501A001E4128000F474A
:1098E000B0128E840D4F3F900A0005347D50300039
:1098F000C84D00000C3C4D4FD1B3010003247C4007
:109900003700023C7C4057004C5DC84C00000648C4
:1099100036531E4128000F47B0127484074F385346
:109920000F93DB2381431E00B1900A00280002241C
:10993000C1430200C1932E002A240F413F501C0056
:10994000814F42001A411C008A108A118A108A1124
:10995000814A4400814646000A468A108A118A10CC
:109960008A11814A48001C4142001D4144001C816B
:1099700046001D7148002C831C9126000E2CE1D35B
:1099800001005E4126004E8CC14E0300063CC1938F
:109990002A00032491412600300011120400111204
:1099A00004001D4134000E461E531F413E00B012FC
:1099B000E6912152815F2C000D3C7F498F1191125D
:1099C0003C000E490E5819914000F72B81493E008A
:1099D000814E2C0007430E3C914126003000D143BC
:1099E0002E00C1432A00033C054ED1432A00814387
:1099F00026001743164140006E464E930224304025
:109A0000CA931F412C0031504A0034413541364140
:109A10003741384139413A413B4130410B120B4FFC
:109A20006F4B4F9306241B538F11B012B07F0F93CF
:109A3000F737CB93000005203F400A00B012B07FFB
:109A4000013C3F433B41304107120612051204120C
:109A50003012400004480549064A074B08430943B1
:109A60000A430B430C5C0D6D0E6E0F6F086809699D
:109A70000A6A0B6B0B970E2808200A960B28052004
:109A800009950828022008940528088409750A7693
:109A90000B771CD391830000E523215334413541DA
:109AA0003641374130410B120A120912081218418F
:109AB0000A0019410C001A410E001B411000B0129F
:109AC000489A384139413A413B4130410B120A1220
:109AD0000912081218410A0019410C001A410E001F
:109AE0001B411000B012489A0C480D490E4A0F4B0A
:109AF000384139413A413B4130410B120A120912B7
:109B00000812071218410C0019410E001A411000EA
:109B10001B411200B012489A1741140087480000F8
:109B200087490200874A0400874B060037413841C5
:0A9B300039413A413B413041001336
:109B3A001E49284932493C49464950495A496849C7
:109B4A002020202074656D70206973203A202564D6
:109B5A0020002020202068756D6964697479206965
:109B6A0073203A2025642025200D0A0A00437572C5
:109B7A0072656E7420206C69676874206973203A74
:109B8A0020256400B855C855D855E855F8550A56E1
:109B9A001C562E564572726F722072656164696E28
:109BAA00672066726F6D2073656E736F72207465BD
:109BBA006D7021200D004572726F722072656164AA
:109BCA00696E672066726F6D2073656E736F72209F
:109BDA0068756D696469747921200D004572726F28
:109BEA00722072656164696E672066726F6D207398
:109BFA00656E736F72206C6967687421200D0000AE
:109C0A004C607C60DE60206148619A70F6709E71DB
:109C1A00C47136725E727C720C731473427362730F
:109C2A008E73C473F07340744A746A7400750A754B
:109C3A00C275EE75FA756E778277B277F479267AFD
:109C4A00667A18768E76C8760A776677C47AFA7A4A
:109C5A005A7D887D367E467E567E667EBE7DDC7D5A
:109C6A00FC7D167EF87DDC7D2282348234838882F4
:109C7A003483348334830683348334833483348350
:109C8A0034833483348346821B0104000C000000B1
:109C9A000C0000000000100050009000D000F000FE
:109CAA00009C0208000000000000000000010202FF
:109CBA00030303030404040404040404050505055A
:109CCA000505050505050505050505050606060636
:109CDA00060606060606060606060606060606061A
:109CEA000606060606060606060606060707070706
:109CFA0007070707070707070707070707070707EA
:109D0A0007070707070707070707070707070707D9
:109D1A0007070707070707070707070707070707C9
:109D2A0007070707070707070707070708080808B5
:109D3A000808080808080808080808080808080899
:109D4A000808080808080808080808080808080889
:109D5A000808080808080808080808080808080879
:109D6A000808080808080808080808080808080869
:109D7A000808080808080808080808080808080859
:109D8A000808080808080808080808080808080849
:109D9A000808080808080808080808080808080839
:109DAA00080808080808080808080808286E756CD2
:049DBA006C29000010
:109DBE0001FFFFFF2200010001FFFFFF150104005C
:109DCE0001FFFF02FFFF0100090010102008030031
:109DDE0001011200841020080300020012A20100EB
:10FFE00096450C81607F0E7F1280A07E827EE2812A
:10FFF000A6834A8396459645E47EC67E9645004094
:0400000300004000B9
:00000001FF
