
build/telosb/main.exe:     file format elf32-msp430


Disassembly of section .text:

00004000 <__watchdog_support>:
    4000:	55 42 20 01 	mov.b	&0x0120,r5	
    4004:	35 d0 08 5a 	bis	#23048,	r5	;#0x5a08
    4008:	82 45 52 11 	mov	r5,	&0x1152	

0000400c <__init_stack>:
    400c:	31 40 00 39 	mov	#14592,	r1	;#0x3900

00004010 <__do_copy_data>:
    4010:	3f 40 02 00 	mov	#2,	r15	;#0x0002
    4014:	0f 93       	tst	r15		
    4016:	08 24       	jz	$+18     	;abs 0x4028
    4018:	92 42 52 11 20 01 	mov	&0x1152,&0x0120	
    401e:	2f 83       	decd	r15		
    4020:	9f 4f fa 4d 00 11 	mov	19962(r15),4352(r15);0x4dfa(r15), 0x1100(r15)
    4026:	f8 23       	jnz	$-14     	;abs 0x4018

00004028 <__do_clear_bss>:
    4028:	3f 40 50 00 	mov	#80,	r15	;#0x0050
    402c:	0f 93       	tst	r15		
    402e:	07 24       	jz	$+16     	;abs 0x403e
    4030:	92 42 52 11 20 01 	mov	&0x1152,&0x0120	
    4036:	1f 83       	dec	r15		
    4038:	cf 43 02 11 	mov.b	#0,	4354(r15);r3 As==00, 0x1102(r15)
    403c:	f9 23       	jnz	$-12     	;abs 0x4030

0000403e <main>:
    403e:	21 83       	decd	r1		
    4040:	b0 12 7e 44 	call	#0x447e	
    4044:	47 4f       	mov.b	r15,	r7	
    4046:	3d 40 03 00 	mov	#3,	r13	;#0x0003
    404a:	3e 40 ff 00 	mov	#255,	r14	;#0x00ff
    404e:	3f 40 04 11 	mov	#4356,	r15	;#0x1104
    4052:	b0 12 72 4d 	call	#0x4d72	
    4056:	f2 43 50 11 	mov.b	#-1,	&0x1150	;r3 As==11
    405a:	f2 43 51 11 	mov.b	#-1,	&0x1151	;r3 As==11
    405e:	b2 40 80 5a 20 01 	mov	#23168,	&0x0120	;#0x5a80
    4064:	a2 42 60 01 	mov	#4,	&0x0160	;r2 As==10
    4068:	82 43 2e 01 	mov	#0,	&0x012e	;r3 As==00
    406c:	a2 42 80 01 	mov	#4,	&0x0180	;r2 As==10
    4070:	82 43 1e 01 	mov	#0,	&0x011e	;r3 As==00
    4074:	b2 40 20 02 60 01 	mov	#544,	&0x0160	;#0x0220
    407a:	b2 40 20 01 80 01 	mov	#288,	&0x0180	;#0x0120
    4080:	f2 40 84 ff 57 00 	mov.b	#-124,	&0x0057	;#0xff84
    4086:	c2 43 58 00 	mov.b	#0,	&0x0058	;r3 As==00
    408a:	b2 40 00 40 82 01 	mov	#16384,	&0x0182	;#0x4000
    4090:	3b 40 0c 00 	mov	#12,	r11	;#0x000c
    4094:	3d 40 00 08 	mov	#2048,	r13	;#0x0800
    4098:	0e 43       	clr	r14		
    409a:	0c 4d       	mov	r13,	r12	
    409c:	0c de       	bis	r14,	r12	
    409e:	59 42 57 00 	mov.b	&0x0057,r9	
    40a2:	0a 4c       	mov	r12,	r10	
    40a4:	8a 10       	swpb	r10		
    40a6:	7a f0 07 00 	and.b	#7,	r10	;#0x0007
    40aa:	79 f0 f8 ff 	and.b	#-8,	r9	;#0xfff8
    40ae:	4a d9       	bis.b	r9,	r10	
    40b0:	c2 4a 57 00 	mov.b	r10,	&0x0057	
    40b4:	c2 4c 56 00 	mov.b	r12,	&0x0056	
    40b8:	79 40 03 00 	mov.b	#3,	r9	;#0x0003
    40bc:	0a 43       	clr	r10		
    40be:	08 43       	clr	r8		
    40c0:	0f 3c       	jmp	$+32     	;abs 0x40e0
    40c2:	18 42 90 01 	mov	&0x0190,r8	
    40c6:	38 52       	add	#8,	r8	;r2 As==11
    40c8:	82 48 92 01 	mov	r8,	&0x0192	
    40cc:	b2 f0 fe ff 82 01 	and	#-2,	&0x0182	;#0xfffe
    40d2:	92 b3 82 01 	bit	#1,	&0x0182	;r3 As==01
    40d6:	fd 27       	jz	$-4      	;abs 0x40d2
    40d8:	1f 42 70 01 	mov	&0x0170,r15	
    40dc:	08 4a       	mov	r10,	r8	
    40de:	0a 4f       	mov	r15,	r10	
    40e0:	79 53       	add.b	#-1,	r9	;r3 As==11
    40e2:	ef 23       	jnz	$-32     	;abs 0x40c2
    40e4:	0a 88       	sub	r8,	r10	
    40e6:	3a 90 01 04 	cmp	#1025,	r10	;#0x0401
    40ea:	01 2c       	jc	$+4      	;abs 0x40ee
    40ec:	0e 4c       	mov	r12,	r14	
    40ee:	0d 11       	rra	r13		
    40f0:	3b 53       	add	#-1,	r11	;r3 As==11
    40f2:	d3 23       	jnz	$-88     	;abs 0x409a
    40f4:	0f 4e       	mov	r14,	r15	
    40f6:	3f f0 e0 00 	and	#224,	r15	;#0x00e0
    40fa:	3f 90 e0 00 	cmp	#224,	r15	;#0x00e0
    40fe:	02 20       	jnz	$+6      	;abs 0x4104
    4100:	3e f0 e0 ff 	and	#-32,	r14	;#0xffe0
    4104:	5c 42 57 00 	mov.b	&0x0057,r12	
    4108:	0d 4e       	mov	r14,	r13	
    410a:	8d 10       	swpb	r13		
    410c:	7d f0 07 00 	and.b	#7,	r13	;#0x0007
    4110:	7c f0 f8 ff 	and.b	#-8,	r12	;#0xfff8
    4114:	4d dc       	bis.b	r12,	r13	
    4116:	c2 4d 57 00 	mov.b	r13,	&0x0057	
    411a:	c2 4e 56 00 	mov.b	r14,	&0x0056	
    411e:	5e 42 57 00 	mov.b	&0x0057,r14	
    4122:	7e f0 07 00 	and.b	#7,	r14	;#0x0007
    4126:	7e d0 80 ff 	bis.b	#-128,	r14	;#0xff80
    412a:	c2 4e 57 00 	mov.b	r14,	&0x0057	
    412e:	e2 42 58 00 	mov.b	#4,	&0x0058	;r2 As==10
    4132:	f2 f0 fd ff 00 00 	and.b	#-3,	&0x0000	;#0xfffd
    4138:	82 43 70 01 	mov	#0,	&0x0170	;r3 As==00
    413c:	b2 40 02 02 60 01 	mov	#514,	&0x0160	;#0x0202
    4142:	82 43 90 01 	mov	#0,	&0x0190	;r3 As==00
    4146:	b2 40 02 01 80 01 	mov	#258,	&0x0180	;#0x0102
    414c:	1e 42 60 01 	mov	&0x0160,r14	
    4150:	3e f0 cf ff 	and	#-49,	r14	;#0xffcf
    4154:	3e d0 20 00 	bis	#32,	r14	;#0x0020
    4158:	82 4e 60 01 	mov	r14,	&0x0160	
    415c:	1e 42 80 01 	mov	&0x0180,r14	
    4160:	3e f0 cf ff 	and	#-49,	r14	;#0xffcf
    4164:	3e d0 20 00 	bis	#32,	r14	;#0x0020
    4168:	82 4e 80 01 	mov	r14,	&0x0180	
    416c:	c2 43 26 00 	mov.b	#0,	&0x0026	;r3 As==00
    4170:	c2 43 2e 00 	mov.b	#0,	&0x002e	;r3 As==00
    4174:	c2 43 1b 00 	mov.b	#0,	&0x001b	;r3 As==00
    4178:	c2 43 1f 00 	mov.b	#0,	&0x001f	;r3 As==00
    417c:	c2 43 33 00 	mov.b	#0,	&0x0033	;r3 As==00
    4180:	c2 43 37 00 	mov.b	#0,	&0x0037	;r3 As==00
    4184:	c2 43 21 00 	mov.b	#0,	&0x0021	;r3 As==00
    4188:	f2 40 e0 ff 22 00 	mov.b	#-32,	&0x0022	;#0xffe0
    418e:	f2 40 30 00 29 00 	mov.b	#48,	&0x0029	;#0x0030
    4194:	f2 40 7b 00 2a 00 	mov.b	#123,	&0x002a	;#0x007b
    419a:	c2 43 19 00 	mov.b	#0,	&0x0019	;r3 As==00
    419e:	f2 40 f1 ff 1a 00 	mov.b	#-15,	&0x001a	;#0xfff1
    41a4:	f2 40 dd ff 1d 00 	mov.b	#-35,	&0x001d	;#0xffdd
    41aa:	f2 40 fd ff 1e 00 	mov.b	#-3,	&0x001e	;#0xfffd
    41b0:	f2 43 31 00 	mov.b	#-1,	&0x0031	;r3 As==11
    41b4:	f2 43 32 00 	mov.b	#-1,	&0x0032	;r3 As==11
    41b8:	c2 43 35 00 	mov.b	#0,	&0x0035	;r3 As==00
    41bc:	f2 43 36 00 	mov.b	#-1,	&0x0036	;r3 As==11
    41c0:	c2 43 25 00 	mov.b	#0,	&0x0025	;r3 As==00
    41c4:	c2 43 2d 00 	mov.b	#0,	&0x002d	;r3 As==00
    41c8:	1f 42 70 01 	mov	&0x0170,r15	
    41cc:	1e 42 70 01 	mov	&0x0170,r14	
    41d0:	0e 8f       	sub	r15,	r14	
    41d2:	3e 90 01 28 	cmp	#10241,	r14	;#0x2801
    41d6:	fa 2b       	jnc	$-10     	;abs 0x41cc
    41d8:	e2 d3 1a 00 	bis.b	#2,	&0x001a	;r3 As==10
    41dc:	f2 d2 1a 00 	bis.b	#8,	&0x001a	;r2 As==11
    41e0:	f2 d0 80 ff 1e 00 	bis.b	#-128,	&0x001e	;#0xff80
    41e6:	f2 d0 10 00 1e 00 	bis.b	#16,	&0x001e	;#0x0010
    41ec:	f2 d0 80 ff 1d 00 	bis.b	#-128,	&0x001d	;#0xff80
    41f2:	f2 d0 10 00 1d 00 	bis.b	#16,	&0x001d	;#0x0010
    41f8:	03 43       	nop			
    41fa:	03 43       	nop			
    41fc:	f2 f0 ef ff 1d 00 	and.b	#-17,	&0x001d	;#0xffef
    4202:	f2 f0 f7 ff 19 00 	and.b	#-9,	&0x0019	;#0xfff7
    4208:	5f 43       	mov.b	#1,	r15	;r3 As==01
    420a:	b0 12 00 44 	call	#0x4400	
    420e:	4f 43       	clr.b	r15		
    4210:	b0 12 00 44 	call	#0x4400	
    4214:	5f 43       	mov.b	#1,	r15	;r3 As==01
    4216:	b0 12 00 44 	call	#0x4400	
    421a:	5f 43       	mov.b	#1,	r15	;r3 As==01
    421c:	b0 12 00 44 	call	#0x4400	
    4220:	5f 43       	mov.b	#1,	r15	;r3 As==01
    4222:	b0 12 00 44 	call	#0x4400	
    4226:	4f 43       	clr.b	r15		
    4228:	b0 12 00 44 	call	#0x4400	
    422c:	4f 43       	clr.b	r15		
    422e:	b0 12 00 44 	call	#0x4400	
    4232:	5f 43       	mov.b	#1,	r15	;r3 As==01
    4234:	b0 12 00 44 	call	#0x4400	
    4238:	f2 d0 10 00 1d 00 	bis.b	#16,	&0x001d	;#0x0010
    423e:	f2 d2 19 00 	bis.b	#8,	&0x0019	;r2 As==11
    4242:	e2 d3 19 00 	bis.b	#2,	&0x0019	;r3 As==10
    4246:	f2 d0 10 00 32 00 	bis.b	#16,	&0x0032	;#0x0010
    424c:	f2 d0 20 00 32 00 	bis.b	#32,	&0x0032	;#0x0020
    4252:	f2 d0 40 00 32 00 	bis.b	#64,	&0x0032	;#0x0040
    4258:	b0 12 e4 44 	call	#0x44e4	
    425c:	b0 12 f4 44 	call	#0x44f4	
    4260:	b0 12 04 45 	call	#0x4504	
    4264:	b0 12 4a 4b 	call	#0x4b4a	
    4268:	4f 93       	tst.b	r15		
    426a:	fc 23       	jnz	$-6      	;abs 0x4264
    426c:	b2 f0 ef ff 82 01 	and	#-17,	&0x0182	;#0xffef
    4272:	b2 40 00 40 82 01 	mov	#16384,	&0x0182	;#0x4000
    4278:	b0 12 4a 4b 	call	#0x4b4a	
    427c:	4f 93       	tst.b	r15		
    427e:	fc 23       	jnz	$-6      	;abs 0x4278
    4280:	4f 47       	mov.b	r7,	r15	
    4282:	b0 12 90 44 	call	#0x4490	
    4286:	32 d2       	eint			
    4288:	b0 12 7e 44 	call	#0x447e	
    428c:	f2 f0 7f 00 2a 00 	and.b	#127,	&0x002a	;#0x007f
    4292:	b0 12 90 44 	call	#0x4490	
    4296:	5f 42 28 00 	mov.b	&0x0028,r15	
    429a:	4f 93       	tst.b	r15		
    429c:	06 34       	jge	$+14     	;abs 0x42aa
    429e:	d2 43 4a 11 	mov.b	#1,	&0x114a	;r3 As==01
    42a2:	4f 43       	clr.b	r15		
    42a4:	b0 12 ca 49 	call	#0x49ca	
    42a8:	05 3c       	jmp	$+12     	;abs 0x42b4
    42aa:	c2 43 4a 11 	mov.b	#0,	&0x114a	;r3 As==00
    42ae:	5f 43       	mov.b	#1,	r15	;r3 As==01
    42b0:	b0 12 ca 49 	call	#0x49ca	
    42b4:	c2 43 09 11 	mov.b	#0,	&0x1109	;r3 As==00
    42b8:	c2 43 0a 11 	mov.b	#0,	&0x110a	;r3 As==00
    42bc:	c2 43 08 11 	mov.b	#0,	&0x1108	;r3 As==00
    42c0:	c2 43 0b 11 	mov.b	#0,	&0x110b	;r3 As==00
    42c4:	b0 12 7e 44 	call	#0x447e	
    42c8:	4a 4f       	mov.b	r15,	r10	
    42ca:	86 3c       	jmp	$+270    	;abs 0x43d8
    42cc:	c2 93 00 11 	tst.b	&0x1100	
    42d0:	77 24       	jz	$+240    	;abs 0x43c0
    42d2:	b2 b0 10 00 62 01 	bit	#16,	&0x0162	;#0x0010
    42d8:	08 20       	jnz	$+18     	;abs 0x42ea
    42da:	b2 b0 10 00 64 01 	bit	#16,	&0x0164	;#0x0010
    42e0:	04 20       	jnz	$+10     	;abs 0x42ea
    42e2:	b2 b0 10 00 66 01 	bit	#16,	&0x0166	;#0x0010
    42e8:	07 24       	jz	$+16     	;abs 0x42f8
    42ea:	1e 42 60 01 	mov	&0x0160,r14	
    42ee:	3e f0 00 03 	and	#768,	r14	;#0x0300
    42f2:	3e 90 00 02 	cmp	#512,	r14	;#0x0200
    42f6:	2e 24       	jz	$+94     	;abs 0x4354
    42f8:	5f 42 04 00 	mov.b	&0x0004,r15	
    42fc:	3f b0 c0 00 	bit	#192,	r15	;#0x00c0
    4300:	05 24       	jz	$+12     	;abs 0x430c
    4302:	5f 42 71 00 	mov.b	&0x0071,r15	
    4306:	3f f0 20 00 	and	#32,	r15	;#0x0020
    430a:	26 20       	jnz	$+78     	;abs 0x4358
    430c:	5f 42 05 00 	mov.b	&0x0005,r15	
    4310:	3f b0 30 00 	bit	#48,	r15	;#0x0030
    4314:	05 24       	jz	$+12     	;abs 0x4320
    4316:	5f 42 79 00 	mov.b	&0x0079,r15	
    431a:	3f f0 20 00 	and	#32,	r15	;#0x0020
    431e:	1e 20       	jnz	$+62     	;abs 0x435c
    4320:	5f 42 70 00 	mov.b	&0x0070,r15	
    4324:	1f f3       	and	#1,	r15	;r3 As==01
    4326:	1c 24       	jz	$+58     	;abs 0x4360
    4328:	5f 42 71 00 	mov.b	&0x0071,r15	
    432c:	3f f0 20 00 	and	#32,	r15	;#0x0020
    4330:	1a 24       	jz	$+54     	;abs 0x4366
    4332:	5f 42 72 00 	mov.b	&0x0072,r15	
    4336:	3f f0 20 00 	and	#32,	r15	;#0x0020
    433a:	18 24       	jz	$+50     	;abs 0x436c
    433c:	5f 42 70 00 	mov.b	&0x0070,r15	
    4340:	2f f2       	and	#4,	r15	;r2 As==10
    4342:	17 24       	jz	$+48     	;abs 0x4372
    4344:	5f 42 70 00 	mov.b	&0x0070,r15	
    4348:	3f f0 20 00 	and	#32,	r15	;#0x0020
    434c:	15 20       	jnz	$+44     	;abs 0x4378
    434e:	7e 40 05 00 	mov.b	#5,	r14	;#0x0005
    4352:	13 3c       	jmp	$+40     	;abs 0x437a
    4354:	6e 43       	mov.b	#2,	r14	;r3 As==10
    4356:	11 3c       	jmp	$+36     	;abs 0x437a
    4358:	6e 43       	mov.b	#2,	r14	;r3 As==10
    435a:	0f 3c       	jmp	$+32     	;abs 0x437a
    435c:	6e 43       	mov.b	#2,	r14	;r3 As==10
    435e:	0d 3c       	jmp	$+28     	;abs 0x437a
    4360:	7e 40 05 00 	mov.b	#5,	r14	;#0x0005
    4364:	0a 3c       	jmp	$+22     	;abs 0x437a
    4366:	7e 40 05 00 	mov.b	#5,	r14	;#0x0005
    436a:	07 3c       	jmp	$+16     	;abs 0x437a
    436c:	7e 40 05 00 	mov.b	#5,	r14	;#0x0005
    4370:	04 3c       	jmp	$+10     	;abs 0x437a
    4372:	7e 40 05 00 	mov.b	#5,	r14	;#0x0005
    4376:	01 3c       	jmp	$+4      	;abs 0x437a
    4378:	6e 43       	mov.b	#2,	r14	;r3 As==10
    437a:	b2 b0 10 00 a0 01 	bit	#16,	&0x01a0	;#0x0010
    4380:	19 24       	jz	$+52     	;abs 0x43b4
    4382:	b2 b0 10 00 a2 01 	bit	#16,	&0x01a2	;#0x0010
    4388:	05 24       	jz	$+12     	;abs 0x4394
    438a:	b2 b2 a2 01 	bit	#8,	&0x01a2	;r2 As==11
    438e:	0f 24       	jz	$+32     	;abs 0x43ae
    4390:	6e 43       	mov.b	#2,	r14	;r3 As==10
    4392:	10 3c       	jmp	$+34     	;abs 0x43b4
    4394:	1f 42 a2 01 	mov	&0x01a2,r15	
    4398:	3f b0 00 04 	bit	#1024,	r15	;#0x0400
    439c:	0b 24       	jz	$+24     	;abs 0x43b4
    439e:	1d 42 60 01 	mov	&0x0160,r13	
    43a2:	3d f0 00 03 	and	#768,	r13	;#0x0300
    43a6:	3d 90 00 02 	cmp	#512,	r13	;#0x0200
    43aa:	04 20       	jnz	$+10     	;abs 0x43b4
    43ac:	02 3c       	jmp	$+6      	;abs 0x43b2
    43ae:	4e 43       	clr.b	r14		
    43b0:	01 3c       	jmp	$+4      	;abs 0x43b4
    43b2:	6e 43       	mov.b	#2,	r14	;r3 As==10
    43b4:	7e 90 05 00 	cmp.b	#5,	r14	;#0x0005
    43b8:	01 28       	jnc	$+4      	;abs 0x43bc
    43ba:	6e 42       	mov.b	#4,	r14	;r2 As==10
    43bc:	c2 4e 02 11 	mov.b	r14,	&0x1102	
    43c0:	5e 42 02 11 	mov.b	&0x1102,r14	
    43c4:	0e 5e       	rla	r14		
    43c6:	1e 4e ee 4d 	mov	19950(r14),r14	;0x4dee(r14)
    43ca:	3e d2       	bis	#8,	r14	;r2 As==11
    43cc:	81 4e 00 00 	mov	r14,	0(r1)	;0x0000(r1)
    43d0:	22 d1       	bis	@r1,	r2	
    43d2:	32 c2       	dint			
    43d4:	03 43       	nop			
    43d6:	03 43       	nop			
    43d8:	f2 93 50 11 	cmp.b	#-1,	&0x1150	;r3 As==11
    43dc:	77 27       	jz	$-272    	;abs 0x42cc
    43de:	b0 12 24 44 	call	#0x4424	
    43e2:	4b 4f       	mov.b	r15,	r11	
    43e4:	7f 93       	cmp.b	#-1,	r15	;r3 As==11
    43e6:	72 27       	jz	$-282    	;abs 0x42cc
    43e8:	4f 4a       	mov.b	r10,	r15	
    43ea:	b0 12 90 44 	call	#0x4490	
    43ee:	4f 4b       	mov.b	r11,	r15	
    43f0:	b0 12 04 4a 	call	#0x4a04	
    43f4:	67 3f       	jmp	$-304    	;abs 0x42c4

000043f6 <__stop_progExec__>:
    43f6:	32 d0 f0 00 	bis	#240,	r2	;#0x00f0
    43fa:	fd 3f       	jmp	$-4      	;abs 0x43f6

000043fc <__ctors_end>:
    43fc:	30 40 dc 4d 	br	#0x4ddc	

00004400 <MotePlatformC__TOSH_FLASH_M25P_DP_bit>:
    4400:	4f 93       	tst.b	r15		
    4402:	04 24       	jz	$+10     	;abs 0x440c
    4404:	5f 42 19 00 	mov.b	&0x0019,r15	
    4408:	6f d3       	bis.b	#2,	r15	;r3 As==10
    440a:	04 3c       	jmp	$+10     	;abs 0x4414
    440c:	5f 42 19 00 	mov.b	&0x0019,r15	
    4410:	7f f0 fd ff 	and.b	#-3,	r15	;#0xfffd
    4414:	c2 4f 19 00 	mov.b	r15,	&0x0019	
    4418:	f2 d2 19 00 	bis.b	#8,	&0x0019	;r2 As==11
    441c:	f2 f0 f7 ff 19 00 	and.b	#-9,	&0x0019	;#0xfff7
    4422:	30 41       	ret			

00004424 <SchedulerBasicP__popTask.part.23>:
    4424:	5f 42 50 11 	mov.b	&0x1150,r15	
    4428:	4e 4f       	mov.b	r15,	r14	
    442a:	3e 50 04 11 	add	#4356,	r14	;#0x1104
    442e:	6d 4e       	mov.b	@r14,	r13	
    4430:	c2 4d 50 11 	mov.b	r13,	&0x1150	
    4434:	7d 93       	cmp.b	#-1,	r13	;r3 As==11
    4436:	02 20       	jnz	$+6      	;abs 0x443c
    4438:	f2 43 51 11 	mov.b	#-1,	&0x1151	;r3 As==11
    443c:	fe 43 00 00 	mov.b	#-1,	0(r14)	;r3 As==11, 0x0000(r14)
    4440:	30 41       	ret			

00004442 <Msp430TimerP__0__Event__fired>:
    4442:	5f 93       	cmp.b	#1,	r15	;r3 As==01
    4444:	0c 24       	jz	$+26     	;abs 0x445e
    4446:	03 28       	jnc	$+8      	;abs 0x444e
    4448:	6f 93       	cmp.b	#2,	r15	;r3 As==10
    444a:	18 20       	jnz	$+50     	;abs 0x447c
    444c:	10 3c       	jmp	$+34     	;abs 0x446e
    444e:	1f 42 62 01 	mov	&0x0162,r15	
    4452:	8f 10       	swpb	r15		
    4454:	5f f3       	and.b	#1,	r15	;r3 As==01
    4456:	12 24       	jz	$+38     	;abs 0x447c
    4458:	1f 42 72 01 	mov	&0x0172,r15	
    445c:	30 41       	ret			
    445e:	1f 42 64 01 	mov	&0x0164,r15	
    4462:	8f 10       	swpb	r15		
    4464:	5f f3       	and.b	#1,	r15	;r3 As==01
    4466:	0a 24       	jz	$+22     	;abs 0x447c
    4468:	1f 42 74 01 	mov	&0x0174,r15	
    446c:	30 41       	ret			
    446e:	1f 42 66 01 	mov	&0x0166,r15	
    4472:	8f 10       	swpb	r15		
    4474:	5f f3       	and.b	#1,	r15	;r3 As==01
    4476:	02 24       	jz	$+6      	;abs 0x447c
    4478:	1f 42 76 01 	mov	&0x0176,r15	
    447c:	30 41       	ret			

0000447e <__nesc_atomic_start>:
    447e:	0e 42       	mov	r2,	r14	
    4480:	32 c2       	dint			
    4482:	03 43       	nop			
    4484:	03 43       	nop			
    4486:	3e f2       	and	#8,	r14	;r2 As==11
    4488:	5f 43       	mov.b	#1,	r15	;r3 As==01
    448a:	01 20       	jnz	$+4      	;abs 0x448e
    448c:	4f 43       	clr.b	r15		
    448e:	30 41       	ret			

00004490 <__nesc_atomic_end>:
    4490:	4f 93       	tst.b	r15		
    4492:	01 24       	jz	$+4      	;abs 0x4496
    4494:	32 d2       	eint			
    4496:	30 41       	ret			

00004498 <SchedulerBasicP__TaskBasic__postTask>:
    4498:	0b 12       	push	r11		
    449a:	4b 4f       	mov.b	r15,	r11	
    449c:	b0 12 7e 44 	call	#0x447e	
    44a0:	4e 4b       	mov.b	r11,	r14	
    44a2:	fe 93 04 11 	cmp.b	#-1,	4356(r14);r3 As==11, 0x1104(r14)
    44a6:	06 20       	jnz	$+14     	;abs 0x44b4
    44a8:	1e 43       	mov	#1,	r14	;r3 As==01
    44aa:	c2 9b 51 11 	cmp.b	r11,	&0x1151	
    44ae:	03 24       	jz	$+8      	;abs 0x44b6
    44b0:	0e 43       	clr	r14		
    44b2:	01 3c       	jmp	$+4      	;abs 0x44b6
    44b4:	1e 43       	mov	#1,	r14	;r3 As==01
    44b6:	0e 93       	tst	r14		
    44b8:	0e 20       	jnz	$+30     	;abs 0x44d6
    44ba:	f2 93 50 11 	cmp.b	#-1,	&0x1150	;r3 As==11
    44be:	03 20       	jnz	$+8      	;abs 0x44c6
    44c0:	c2 4b 50 11 	mov.b	r11,	&0x1150	
    44c4:	04 3c       	jmp	$+10     	;abs 0x44ce
    44c6:	5e 42 51 11 	mov.b	&0x1151,r14	
    44ca:	ce 4b 04 11 	mov.b	r11,	4356(r14);0x1104(r14)
    44ce:	c2 4b 51 11 	mov.b	r11,	&0x1151	
    44d2:	4b 43       	clr.b	r11		
    44d4:	02 3c       	jmp	$+6      	;abs 0x44da
    44d6:	7b 40 05 00 	mov.b	#5,	r11	;#0x0005
    44da:	b0 12 90 44 	call	#0x4490	
    44de:	4f 4b       	mov.b	r11,	r15	
    44e0:	3b 41       	pop	r11		
    44e2:	30 41       	ret			

000044e4 <LedsP__Led0__set>:
    44e4:	b0 12 7e 44 	call	#0x447e	
    44e8:	f2 d0 10 00 31 00 	bis.b	#16,	&0x0031	;#0x0010
    44ee:	b0 12 90 44 	call	#0x4490	
    44f2:	30 41       	ret			

000044f4 <LedsP__Led1__set>:
    44f4:	b0 12 7e 44 	call	#0x447e	
    44f8:	f2 d0 20 00 31 00 	bis.b	#32,	&0x0031	;#0x0020
    44fe:	b0 12 90 44 	call	#0x4490	
    4502:	30 41       	ret			

00004504 <LedsP__Led2__set>:
    4504:	b0 12 7e 44 	call	#0x447e	
    4508:	f2 d0 40 00 31 00 	bis.b	#64,	&0x0031	;#0x0040
    450e:	b0 12 90 44 	call	#0x4490	
    4512:	30 41       	ret			

00004514 <ChungTestC__Leds__led0On>:
    4514:	b0 12 7e 44 	call	#0x447e	
    4518:	f2 f0 ef ff 31 00 	and.b	#-17,	&0x0031	;#0xffef
    451e:	b0 12 90 44 	call	#0x4490	
    4522:	30 41       	ret			

00004524 <ChungTestC__Leds__led1On>:
    4524:	b0 12 7e 44 	call	#0x447e	
    4528:	f2 f0 df ff 31 00 	and.b	#-33,	&0x0031	;#0xffdf
    452e:	b0 12 90 44 	call	#0x4490	
    4532:	30 41       	ret			

00004534 <ChungTestC__Leds__led2On>:
    4534:	b0 12 7e 44 	call	#0x447e	
    4538:	f2 f0 bf ff 31 00 	and.b	#-65,	&0x0031	;#0xffbf
    453e:	b0 12 90 44 	call	#0x4490	
    4542:	30 41       	ret			

00004544 <TransformAlarmC__0__Counter__get>:
    4544:	0b 12       	push	r11		
    4546:	0a 12       	push	r10		
    4548:	09 12       	push	r9		
    454a:	08 12       	push	r8		
    454c:	b0 12 7e 44 	call	#0x447e	
    4550:	4c 4f       	mov.b	r15,	r12	
    4552:	1a 42 14 11 	mov	&0x1114,r10	
    4556:	1b 42 16 11 	mov	&0x1116,r11	
    455a:	1d 42 90 01 	mov	&0x0190,r13	
    455e:	01 3c       	jmp	$+4      	;abs 0x4562
    4560:	0d 4f       	mov	r15,	r13	
    4562:	1f 42 90 01 	mov	&0x0190,r15	
    4566:	0d 9f       	cmp	r15,	r13	
    4568:	fb 23       	jnz	$-8      	;abs 0x4560
    456a:	1f 42 80 01 	mov	&0x0180,r15	
    456e:	5f f3       	and.b	#1,	r15	;r3 As==01
    4570:	0a 24       	jz	$+22     	;abs 0x4586
    4572:	1a 53       	inc	r10		
    4574:	0b 63       	adc	r11		
    4576:	1d 42 90 01 	mov	&0x0190,r13	
    457a:	01 3c       	jmp	$+4      	;abs 0x457e
    457c:	0d 4f       	mov	r15,	r13	
    457e:	1f 42 90 01 	mov	&0x0190,r15	
    4582:	0d 9f       	cmp	r15,	r13	
    4584:	fb 23       	jnz	$-8      	;abs 0x457c
    4586:	12 c3       	clrc			
    4588:	0d 10       	rrc	r13		
    458a:	12 c3       	clrc			
    458c:	0d 10       	rrc	r13		
    458e:	12 c3       	clrc			
    4590:	0d 10       	rrc	r13		
    4592:	12 c3       	clrc			
    4594:	0d 10       	rrc	r13		
    4596:	12 c3       	clrc			
    4598:	0d 10       	rrc	r13		
    459a:	08 4d       	mov	r13,	r8	
    459c:	09 43       	clr	r9		
    459e:	0e 4a       	mov	r10,	r14	
    45a0:	0f 4b       	mov	r11,	r15	
    45a2:	4f ea       	xor.b	r10,	r15	
    45a4:	0f ea       	xor	r10,	r15	
    45a6:	8f 10       	swpb	r15		
    45a8:	4e 4e       	mov.b	r14,	r14	
    45aa:	8e 10       	swpb	r14		
    45ac:	0e 5e       	rla	r14		
    45ae:	0f 6f       	rlc	r15		
    45b0:	0e 5e       	rla	r14		
    45b2:	0f 6f       	rlc	r15		
    45b4:	0e 5e       	rla	r14		
    45b6:	0f 6f       	rlc	r15		
    45b8:	08 de       	bis	r14,	r8	
    45ba:	09 df       	bis	r15,	r9	
    45bc:	4f 4c       	mov.b	r12,	r15	
    45be:	b0 12 90 44 	call	#0x4490	
    45c2:	0e 48       	mov	r8,	r14	
    45c4:	0f 49       	mov	r9,	r15	
    45c6:	38 41       	pop	r8		
    45c8:	39 41       	pop	r9		
    45ca:	3a 41       	pop	r10		
    45cc:	3b 41       	pop	r11		
    45ce:	30 41       	ret			

000045d0 <VirtualizeTimerC__0__Timer__startPeriodic>:
    45d0:	0b 12       	push	r11		
    45d2:	09 12       	push	r9		
    45d4:	08 12       	push	r8		
    45d6:	4b 4f       	mov.b	r15,	r11	
    45d8:	08 4d       	mov	r13,	r8	
    45da:	09 4e       	mov	r14,	r9	
    45dc:	b0 12 44 45 	call	#0x4544	
    45e0:	4b 4b       	mov.b	r11,	r11	
    45e2:	0b 5b       	rla	r11		
    45e4:	0c 4b       	mov	r11,	r12	
    45e6:	0c 5c       	rla	r12		
    45e8:	0c 5c       	rla	r12		
    45ea:	0c 5b       	add	r11,	r12	
    45ec:	3c 50 18 11 	add	#4376,	r12	;#0x1118
    45f0:	8c 4e 00 00 	mov	r14,	0(r12)	;0x0000(r12)
    45f4:	8c 4f 02 00 	mov	r15,	2(r12)	;0x0002(r12)
    45f8:	8c 48 04 00 	mov	r8,	4(r12)	;0x0004(r12)
    45fc:	8c 49 06 00 	mov	r9,	6(r12)	;0x0006(r12)
    4600:	5f 4c 08 00 	mov.b	8(r12),	r15	;0x0008(r12)
    4604:	7f f0 fe ff 	and.b	#-2,	r15	;#0xfffe
    4608:	6f d3       	bis.b	#2,	r15	;r3 As==10
    460a:	cc 4f 08 00 	mov.b	r15,	8(r12)	;0x0008(r12)
    460e:	6f 43       	mov.b	#2,	r15	;r3 As==10
    4610:	b0 12 98 44 	call	#0x4498	
    4614:	38 41       	pop	r8		
    4616:	39 41       	pop	r9		
    4618:	3b 41       	pop	r11		
    461a:	30 41       	ret			

0000461c <ChungTestC__Notify__notify>:
    461c:	1f 93       	cmp	#1,	r15	;r3 As==01
    461e:	22 20       	jnz	$+70     	;abs 0x4664
    4620:	5f 42 09 11 	mov.b	&0x1109,r15	
    4624:	4f 93       	tst.b	r15		
    4626:	03 20       	jnz	$+8      	;abs 0x462e
    4628:	d2 43 09 11 	mov.b	#1,	&0x1109	;r3 As==01
    462c:	1b 3c       	jmp	$+56     	;abs 0x4664
    462e:	5f 93       	cmp.b	#1,	r15	;r3 As==01
    4630:	03 20       	jnz	$+8      	;abs 0x4638
    4632:	e2 43 09 11 	mov.b	#2,	&0x1109	;r3 As==10
    4636:	16 3c       	jmp	$+46     	;abs 0x4664
    4638:	6f 93       	cmp.b	#2,	r15	;r3 As==10
    463a:	04 20       	jnz	$+10     	;abs 0x4644
    463c:	f2 40 03 00 09 11 	mov.b	#3,	&0x1109	;#0x0003
    4642:	10 3c       	jmp	$+34     	;abs 0x4664
    4644:	7f 90 03 00 	cmp.b	#3,	r15	;#0x0003
    4648:	06 20       	jnz	$+14     	;abs 0x4656
    464a:	f2 f0 fd ff 3e 11 	and.b	#-3,	&0x113e	;#0xfffd
    4650:	e2 42 09 11 	mov.b	#4,	&0x1109	;r2 As==10
    4654:	07 3c       	jmp	$+16     	;abs 0x4664
    4656:	6f 92       	cmp.b	#4,	r15	;r2 As==10
    4658:	05 20       	jnz	$+12     	;abs 0x4664
    465a:	c2 43 09 11 	mov.b	#0,	&0x1109	;r3 As==00
    465e:	f2 f0 fd ff 48 11 	and.b	#-3,	&0x1148	;#0xfffd
    4664:	5f 42 09 11 	mov.b	&0x1109,r15	
    4668:	4f 93       	tst.b	r15		
    466a:	0a 20       	jnz	$+22     	;abs 0x4680
    466c:	b0 12 14 45 	call	#0x4514	
    4670:	b0 12 f4 44 	call	#0x44f4	
    4674:	b0 12 04 45 	call	#0x4504	
    4678:	f2 f0 fd ff 3e 11 	and.b	#-3,	&0x113e	;#0xfffd
    467e:	30 41       	ret			
    4680:	5f 93       	cmp.b	#1,	r15	;r3 As==01
    4682:	07 20       	jnz	$+16     	;abs 0x4692
    4684:	b0 12 24 45 	call	#0x4524	
    4688:	b0 12 e4 44 	call	#0x44e4	
    468c:	b0 12 04 45 	call	#0x4504	
    4690:	30 41       	ret			
    4692:	6f 93       	cmp.b	#2,	r15	;r3 As==10
    4694:	07 20       	jnz	$+16     	;abs 0x46a4
    4696:	b0 12 34 45 	call	#0x4534	
    469a:	b0 12 e4 44 	call	#0x44e4	
    469e:	b0 12 f4 44 	call	#0x44f4	
    46a2:	30 41       	ret			
    46a4:	7f 90 03 00 	cmp.b	#3,	r15	;#0x0003
    46a8:	04 20       	jnz	$+10     	;abs 0x46b2
    46aa:	3d 40 e8 03 	mov	#1000,	r13	;#0x03e8
    46ae:	0e 43       	clr	r14		
    46b0:	04 3c       	jmp	$+10     	;abs 0x46ba
    46b2:	3d 40 d0 07 	mov	#2000,	r13	;#0x07d0
    46b6:	0e 43       	clr	r14		
    46b8:	6f 42       	mov.b	#4,	r15	;r2 As==10
    46ba:	b0 12 d0 45 	call	#0x45d0	
    46be:	30 41       	ret			

000046c0 <VirtualizeTimerC__0__Timer__startOneShot>:
    46c0:	0b 12       	push	r11		
    46c2:	09 12       	push	r9		
    46c4:	08 12       	push	r8		
    46c6:	4b 4f       	mov.b	r15,	r11	
    46c8:	08 4d       	mov	r13,	r8	
    46ca:	09 4e       	mov	r14,	r9	
    46cc:	b0 12 44 45 	call	#0x4544	
    46d0:	4b 4b       	mov.b	r11,	r11	
    46d2:	0b 5b       	rla	r11		
    46d4:	0c 4b       	mov	r11,	r12	
    46d6:	0c 5c       	rla	r12		
    46d8:	0c 5c       	rla	r12		
    46da:	0c 5b       	add	r11,	r12	
    46dc:	3c 50 18 11 	add	#4376,	r12	;#0x1118
    46e0:	8c 4e 00 00 	mov	r14,	0(r12)	;0x0000(r12)
    46e4:	8c 4f 02 00 	mov	r15,	2(r12)	;0x0002(r12)
    46e8:	8c 48 04 00 	mov	r8,	4(r12)	;0x0004(r12)
    46ec:	8c 49 06 00 	mov	r9,	6(r12)	;0x0006(r12)
    46f0:	fc d0 03 00 08 00 	bis.b	#3,	8(r12)	;#0x0003, 0x0008(r12)
    46f6:	6f 43       	mov.b	#2,	r15	;r3 As==10
    46f8:	b0 12 98 44 	call	#0x4498	
    46fc:	38 41       	pop	r8		
    46fe:	39 41       	pop	r9		
    4700:	3b 41       	pop	r11		
    4702:	30 41       	ret			

00004704 <VirtualizeTimerC__0__fireTimers>:
    4704:	0b 12       	push	r11		
    4706:	09 12       	push	r9		
    4708:	08 12       	push	r8		
    470a:	07 12       	push	r7		
    470c:	06 12       	push	r6		
    470e:	05 12       	push	r5		
    4710:	04 12       	push	r4		
    4712:	04 4e       	mov	r14,	r4	
    4714:	05 4f       	mov	r15,	r5	
    4716:	0b 43       	clr	r11		
    4718:	0e 4b       	mov	r11,	r14	
    471a:	0e 5e       	rla	r14		
    471c:	0f 4e       	mov	r14,	r15	
    471e:	0f 5f       	rla	r15		
    4720:	0f 5f       	rla	r15		
    4722:	0f 5e       	add	r14,	r15	
    4724:	3f 50 18 11 	add	#4376,	r15	;#0x1118
    4728:	5e 4f 08 00 	mov.b	8(r15),	r14	;0x0008(r15)
    472c:	6e b3       	bit.b	#2,	r14	;r3 As==10
    472e:	62 24       	jz	$+198    	;abs 0x47f4
    4730:	28 4f       	mov	@r15,	r8	
    4732:	19 4f 02 00 	mov	2(r15),	r9	;0x0002(r15)
    4736:	1c 4f 04 00 	mov	4(r15),	r12	;0x0004(r15)
    473a:	1d 4f 06 00 	mov	6(r15),	r13	;0x0006(r15)
    473e:	06 44       	mov	r4,	r6	
    4740:	07 45       	mov	r5,	r7	
    4742:	06 88       	sub	r8,	r6	
    4744:	07 79       	subc	r9,	r7	
    4746:	07 9d       	cmp	r13,	r7	
    4748:	55 28       	jnc	$+172    	;abs 0x47f4
    474a:	02 20       	jnz	$+6      	;abs 0x4750
    474c:	06 9c       	cmp	r12,	r6	
    474e:	52 28       	jnc	$+166    	;abs 0x47f4
    4750:	5e f3       	and.b	#1,	r14	;r3 As==01
    4752:	04 24       	jz	$+10     	;abs 0x475c
    4754:	ff f0 fd ff 08 00 	and.b	#-3,	8(r15)	;#0xfffd, 0x0008(r15)
    475a:	08 3c       	jmp	$+18     	;abs 0x476c
    475c:	06 48       	mov	r8,	r6	
    475e:	07 49       	mov	r9,	r7	
    4760:	06 5c       	add	r12,	r6	
    4762:	07 6d       	addc	r13,	r7	
    4764:	8f 46 00 00 	mov	r6,	0(r15)	;0x0000(r15)
    4768:	8f 47 02 00 	mov	r7,	2(r15)	;0x0002(r15)
    476c:	6b 93       	cmp.b	#2,	r11	;r3 As==10
    476e:	17 24       	jz	$+48     	;abs 0x479e
    4770:	7b 90 03 00 	cmp.b	#3,	r11	;#0x0003
    4774:	03 2c       	jc	$+8      	;abs 0x477c
    4776:	5b 93       	cmp.b	#1,	r11	;r3 As==01
    4778:	06 20       	jnz	$+14     	;abs 0x4786
    477a:	0c 3c       	jmp	$+26     	;abs 0x4794
    477c:	7b 90 03 00 	cmp.b	#3,	r11	;#0x0003
    4780:	15 24       	jz	$+44     	;abs 0x47ac
    4782:	6b 92       	cmp.b	#4,	r11	;r2 As==10
    4784:	24 24       	jz	$+74     	;abs 0x47ce
    4786:	b0 12 14 45 	call	#0x4514	
    478a:	b0 12 f4 44 	call	#0x44f4	
    478e:	b0 12 04 45 	call	#0x4504	
    4792:	34 3c       	jmp	$+106    	;abs 0x47fc
    4794:	b0 12 24 45 	call	#0x4524	
    4798:	b0 12 04 45 	call	#0x4504	
    479c:	04 3c       	jmp	$+10     	;abs 0x47a6
    479e:	b0 12 34 45 	call	#0x4534	
    47a2:	b0 12 f4 44 	call	#0x44f4	
    47a6:	b0 12 e4 44 	call	#0x44e4	
    47aa:	28 3c       	jmp	$+82     	;abs 0x47fc
    47ac:	3d 40 fa 00 	mov	#250,	r13	;#0x00fa
    47b0:	0e 43       	clr	r14		
    47b2:	4f 43       	clr.b	r15		
    47b4:	b0 12 c0 46 	call	#0x46c0	
    47b8:	3d 40 f4 01 	mov	#500,	r13	;#0x01f4
    47bc:	0e 43       	clr	r14		
    47be:	5f 43       	mov.b	#1,	r15	;r3 As==01
    47c0:	b0 12 c0 46 	call	#0x46c0	
    47c4:	3d 40 ee 02 	mov	#750,	r13	;#0x02ee
    47c8:	0e 43       	clr	r14		
    47ca:	6f 43       	mov.b	#2,	r15	;r3 As==10
    47cc:	10 3c       	jmp	$+34     	;abs 0x47ee
    47ce:	3d 40 f4 01 	mov	#500,	r13	;#0x01f4
    47d2:	0e 43       	clr	r14		
    47d4:	6f 43       	mov.b	#2,	r15	;r3 As==10
    47d6:	b0 12 c0 46 	call	#0x46c0	
    47da:	3d 40 e8 03 	mov	#1000,	r13	;#0x03e8
    47de:	0e 43       	clr	r14		
    47e0:	5f 43       	mov.b	#1,	r15	;r3 As==01
    47e2:	b0 12 c0 46 	call	#0x46c0	
    47e6:	3d 40 dc 05 	mov	#1500,	r13	;#0x05dc
    47ea:	0e 43       	clr	r14		
    47ec:	4f 43       	clr.b	r15		
    47ee:	b0 12 c0 46 	call	#0x46c0	
    47f2:	04 3c       	jmp	$+10     	;abs 0x47fc
    47f4:	1b 53       	inc	r11		
    47f6:	3b 90 05 00 	cmp	#5,	r11	;#0x0005
    47fa:	8e 23       	jnz	$-226    	;abs 0x4718
    47fc:	6f 43       	mov.b	#2,	r15	;r3 As==10
    47fe:	b0 12 98 44 	call	#0x4498	
    4802:	34 41       	pop	r4		
    4804:	35 41       	pop	r5		
    4806:	36 41       	pop	r6		
    4808:	37 41       	pop	r7		
    480a:	38 41       	pop	r8		
    480c:	39 41       	pop	r9		
    480e:	3b 41       	pop	r11		
    4810:	30 41       	ret			

00004812 <TransformAlarmC__0__set_alarm>:
    4812:	0b 12       	push	r11		
    4814:	0a 12       	push	r10		
    4816:	b0 12 44 45 	call	#0x4544	
    481a:	1c 42 10 11 	mov	&0x1110,r12	
    481e:	1d 42 12 11 	mov	&0x1112,r13	
    4822:	0a 4c       	mov	r12,	r10	
    4824:	0b 4d       	mov	r13,	r11	
    4826:	1a 52 0c 11 	add	&0x110c,r10	
    482a:	1b 62 0e 11 	addc	&0x110e,r11	
    482e:	0f 9d       	cmp	r13,	r15	
    4830:	09 28       	jnc	$+20     	;abs 0x4844
    4832:	02 20       	jnz	$+6      	;abs 0x4838
    4834:	0e 9c       	cmp	r12,	r14	
    4836:	06 28       	jnc	$+14     	;abs 0x4844
    4838:	0b 9d       	cmp	r13,	r11	
    483a:	10 28       	jnc	$+34     	;abs 0x485c
    483c:	09 20       	jnz	$+20     	;abs 0x4850
    483e:	0a 9c       	cmp	r12,	r10	
    4840:	0d 28       	jnc	$+28     	;abs 0x485c
    4842:	06 3c       	jmp	$+14     	;abs 0x4850
    4844:	0b 9d       	cmp	r13,	r11	
    4846:	04 28       	jnc	$+10     	;abs 0x4850
    4848:	0d 9b       	cmp	r11,	r13	
    484a:	27 28       	jnc	$+80     	;abs 0x489a
    484c:	0a 9c       	cmp	r12,	r10	
    484e:	25 2c       	jc	$+76     	;abs 0x489a
    4850:	0f 9b       	cmp	r11,	r15	
    4852:	04 28       	jnc	$+10     	;abs 0x485c
    4854:	0b 9f       	cmp	r15,	r11	
    4856:	21 28       	jnc	$+68     	;abs 0x489a
    4858:	0e 9a       	cmp	r10,	r14	
    485a:	1f 2c       	jc	$+64     	;abs 0x489a
    485c:	0c 4a       	mov	r10,	r12	
    485e:	0d 4b       	mov	r11,	r13	
    4860:	0c 8e       	sub	r14,	r12	
    4862:	0d 7f       	subc	r15,	r13	
    4864:	0d 93       	tst	r13		
    4866:	03 20       	jnz	$+8      	;abs 0x486e
    4868:	3c 90 01 04 	cmp	#1025,	r12	;#0x0401
    486c:	18 28       	jnc	$+50     	;abs 0x489e
    486e:	0a 4e       	mov	r14,	r10	
    4870:	0b 4f       	mov	r15,	r11	
    4872:	3a 50 00 04 	add	#1024,	r10	;#0x0400
    4876:	0b 63       	adc	r11		
    4878:	82 4a 10 11 	mov	r10,	&0x1110	
    487c:	82 4b 12 11 	mov	r11,	&0x1112	
    4880:	0a 4c       	mov	r12,	r10	
    4882:	0b 4d       	mov	r13,	r11	
    4884:	3a 50 00 fc 	add	#-1024,	r10	;#0xfc00
    4888:	3b 63       	addc	#-1,	r11	;r3 As==11
    488a:	82 4a 0c 11 	mov	r10,	&0x110c	
    488e:	82 4b 0e 11 	mov	r11,	&0x110e	
    4892:	3c 40 00 04 	mov	#1024,	r12	;#0x0400
    4896:	0d 43       	clr	r13		
    4898:	0a 3c       	jmp	$+22     	;abs 0x48ae
    489a:	0c 43       	clr	r12		
    489c:	0d 43       	clr	r13		
    489e:	82 4a 10 11 	mov	r10,	&0x1110	
    48a2:	82 4b 12 11 	mov	r11,	&0x1112	
    48a6:	82 43 0c 11 	mov	#0,	&0x110c	;r3 As==00
    48aa:	82 43 0e 11 	mov	#0,	&0x110e	;r3 As==00
    48ae:	0c 5c       	rla	r12		
    48b0:	0c 5c       	rla	r12		
    48b2:	0c 5c       	rla	r12		
    48b4:	0c 5c       	rla	r12		
    48b6:	0c 5c       	rla	r12		
    48b8:	0e 5e       	rla	r14		
    48ba:	0e 5e       	rla	r14		
    48bc:	0e 5e       	rla	r14		
    48be:	0e 5e       	rla	r14		
    48c0:	0e 5e       	rla	r14		
    48c2:	1f 42 90 01 	mov	&0x0190,r15	
    48c6:	01 3c       	jmp	$+4      	;abs 0x48ca
    48c8:	0f 4d       	mov	r13,	r15	
    48ca:	1d 42 90 01 	mov	&0x0190,r13	
    48ce:	0f 9d       	cmp	r13,	r15	
    48d0:	fb 23       	jnz	$-8      	;abs 0x48c8
    48d2:	0b 4f       	mov	r15,	r11	
    48d4:	0b 8e       	sub	r14,	r11	
    48d6:	0b 9c       	cmp	r12,	r11	
    48d8:	09 28       	jnc	$+20     	;abs 0x48ec
    48da:	1f 42 90 01 	mov	&0x0190,r15	
    48de:	01 3c       	jmp	$+4      	;abs 0x48e2
    48e0:	0f 4e       	mov	r14,	r15	
    48e2:	1e 42 90 01 	mov	&0x0190,r14	
    48e6:	0f 9e       	cmp	r14,	r15	
    48e8:	fb 23       	jnz	$-8      	;abs 0x48e0
    48ea:	0c 3c       	jmp	$+26     	;abs 0x4904
    48ec:	0c 8b       	sub	r11,	r12	
    48ee:	3c 90 03 00 	cmp	#3,	r12	;#0x0003
    48f2:	0c 2c       	jc	$+26     	;abs 0x490c
    48f4:	1f 42 90 01 	mov	&0x0190,r15	
    48f8:	01 3c       	jmp	$+4      	;abs 0x48fc
    48fa:	0f 4e       	mov	r14,	r15	
    48fc:	1e 42 90 01 	mov	&0x0190,r14	
    4900:	0f 9e       	cmp	r14,	r15	
    4902:	fb 23       	jnz	$-8      	;abs 0x48fa
    4904:	2f 53       	incd	r15		
    4906:	82 4f 92 01 	mov	r15,	&0x0192	
    490a:	03 3c       	jmp	$+8      	;abs 0x4912
    490c:	0c 5f       	add	r15,	r12	
    490e:	82 4c 92 01 	mov	r12,	&0x0192	
    4912:	b2 f0 fe ff 82 01 	and	#-2,	&0x0182	;#0xfffe
    4918:	b2 d0 10 00 82 01 	bis	#16,	&0x0182	;#0x0010
    491e:	3a 41       	pop	r10		
    4920:	3b 41       	pop	r11		
    4922:	30 41       	ret			

00004924 <Msp430TimerP__1__Event__fired>:
    4924:	7f 92       	cmp.b	#8,	r15	;r2 As==11
    4926:	50 2c       	jc	$+162    	;abs 0x49c8
    4928:	4f 4f       	mov.b	r15,	r15	
    492a:	0f 5f       	rla	r15		
    492c:	10 4f de 4d 	br	19934(r15)	;0x4dde(r15)
    4930:	1f 42 82 01 	mov	&0x0182,r15	
    4934:	8f 10       	swpb	r15		
    4936:	5f f3       	and.b	#1,	r15	;r3 As==01
    4938:	03 24       	jz	$+8      	;abs 0x4940
    493a:	1f 42 92 01 	mov	&0x0192,r15	
    493e:	30 41       	ret			
    4940:	b2 f0 ef ff 82 01 	and	#-17,	&0x0182	;#0xffef
    4946:	82 93 0c 11 	tst	&0x110c	
    494a:	07 20       	jnz	$+16     	;abs 0x495a
    494c:	82 93 0e 11 	tst	&0x110e	
    4950:	04 20       	jnz	$+10     	;abs 0x495a
    4952:	5f 43       	mov.b	#1,	r15	;r3 As==01
    4954:	b0 12 98 44 	call	#0x4498	
    4958:	30 41       	ret			
    495a:	b0 12 12 48 	call	#0x4812	
    495e:	30 41       	ret			
    4960:	1f 42 84 01 	mov	&0x0184,r15	
    4964:	8f 10       	swpb	r15		
    4966:	5f f3       	and.b	#1,	r15	;r3 As==01
    4968:	2f 24       	jz	$+96     	;abs 0x49c8
    496a:	1f 42 94 01 	mov	&0x0194,r15	
    496e:	30 41       	ret			
    4970:	1f 42 86 01 	mov	&0x0186,r15	
    4974:	8f 10       	swpb	r15		
    4976:	5f f3       	and.b	#1,	r15	;r3 As==01
    4978:	27 24       	jz	$+80     	;abs 0x49c8
    497a:	1f 42 96 01 	mov	&0x0196,r15	
    497e:	30 41       	ret			
    4980:	1f 42 88 01 	mov	&0x0188,r15	
    4984:	8f 10       	swpb	r15		
    4986:	5f f3       	and.b	#1,	r15	;r3 As==01
    4988:	1f 24       	jz	$+64     	;abs 0x49c8
    498a:	1f 42 98 01 	mov	&0x0198,r15	
    498e:	30 41       	ret			
    4990:	1f 42 8a 01 	mov	&0x018a,r15	
    4994:	8f 10       	swpb	r15		
    4996:	5f f3       	and.b	#1,	r15	;r3 As==01
    4998:	17 24       	jz	$+48     	;abs 0x49c8
    499a:	1f 42 9a 01 	mov	&0x019a,r15	
    499e:	30 41       	ret			
    49a0:	1f 42 8c 01 	mov	&0x018c,r15	
    49a4:	8f 10       	swpb	r15		
    49a6:	5f f3       	and.b	#1,	r15	;r3 As==01
    49a8:	0f 24       	jz	$+32     	;abs 0x49c8
    49aa:	1f 42 9c 01 	mov	&0x019c,r15	
    49ae:	30 41       	ret			
    49b0:	1f 42 8e 01 	mov	&0x018e,r15	
    49b4:	8f 10       	swpb	r15		
    49b6:	5f f3       	and.b	#1,	r15	;r3 As==01
    49b8:	07 24       	jz	$+16     	;abs 0x49c8
    49ba:	1f 42 9e 01 	mov	&0x019e,r15	
    49be:	30 41       	ret			
    49c0:	92 53 14 11 	inc	&0x1114	
    49c4:	82 63 16 11 	adc	&0x1116	
    49c8:	30 41       	ret			

000049ca <Msp430InterruptC__0__enable>:
    49ca:	0b 12       	push	r11		
    49cc:	4b 4f       	mov.b	r15,	r11	
    49ce:	b0 12 7e 44 	call	#0x447e	
    49d2:	f2 f0 7f 00 2d 00 	and.b	#127,	&0x002d	;#0x007f
    49d8:	f2 f0 7f 00 2b 00 	and.b	#127,	&0x002b	;#0x007f
    49de:	5e 42 2c 00 	mov.b	&0x002c,r14	
    49e2:	4b 93       	tst.b	r11		
    49e4:	03 24       	jz	$+8      	;abs 0x49ec
    49e6:	7e f0 7f 00 	and.b	#127,	r14	;#0x007f
    49ea:	02 3c       	jmp	$+6      	;abs 0x49f0
    49ec:	7e d0 80 ff 	bis.b	#-128,	r14	;#0xff80
    49f0:	c2 4e 2c 00 	mov.b	r14,	&0x002c	
    49f4:	f2 d0 80 ff 2d 00 	bis.b	#-128,	&0x002d	;#0xff80
    49fa:	b0 12 90 44 	call	#0x4490	
    49fe:	4f 43       	clr.b	r15		
    4a00:	3b 41       	pop	r11		
    4a02:	30 41       	ret			

00004a04 <SchedulerBasicP__TaskBasic__runTask>:
    4a04:	0b 12       	push	r11		
    4a06:	0a 12       	push	r10		
    4a08:	09 12       	push	r9		
    4a0a:	08 12       	push	r8		
    4a0c:	07 12       	push	r7		
    4a0e:	06 12       	push	r6		
    4a10:	21 83       	decd	r1		
    4a12:	5f 93       	cmp.b	#1,	r15	;r3 As==01
    4a14:	13 24       	jz	$+40     	;abs 0x4a3c
    4a16:	03 28       	jnc	$+8      	;abs 0x4a1e
    4a18:	6f 93       	cmp.b	#2,	r15	;r3 As==10
    4a1a:	8f 20       	jnz	$+288    	;abs 0x4b3a
    4a1c:	3c 3c       	jmp	$+122    	;abs 0x4a96
    4a1e:	c2 93 4a 11 	tst.b	&0x114a	
    4a22:	05 24       	jz	$+12     	;abs 0x4a2e
    4a24:	0f 43       	clr	r15		
    4a26:	b0 12 1c 46 	call	#0x461c	
    4a2a:	4f 43       	clr.b	r15		
    4a2c:	04 3c       	jmp	$+10     	;abs 0x4a36
    4a2e:	1f 43       	mov	#1,	r15	;r3 As==01
    4a30:	b0 12 1c 46 	call	#0x461c	
    4a34:	5f 43       	mov.b	#1,	r15	;r3 As==01
    4a36:	b0 12 ca 49 	call	#0x49ca	
    4a3a:	7f 3c       	jmp	$+256    	;abs 0x4b3a
    4a3c:	c2 93 07 11 	tst.b	&0x1107	
    4a40:	27 20       	jnz	$+80     	;abs 0x4a90
    4a42:	1a 42 4c 11 	mov	&0x114c,r10	
    4a46:	1b 42 4e 11 	mov	&0x114e,r11	
    4a4a:	b0 12 7e 44 	call	#0x447e	
    4a4e:	18 42 0c 11 	mov	&0x110c,r8	
    4a52:	19 42 0e 11 	mov	&0x110e,r9	
    4a56:	18 52 10 11 	add	&0x1110,r8	
    4a5a:	19 62 12 11 	addc	&0x1112,r9	
    4a5e:	b0 12 90 44 	call	#0x4490	
    4a62:	82 4a 4c 11 	mov	r10,	&0x114c	
    4a66:	82 4b 4e 11 	mov	r11,	&0x114e	
    4a6a:	c2 43 07 11 	mov.b	#0,	&0x1107	;r3 As==00
    4a6e:	b0 12 7e 44 	call	#0x447e	
    4a72:	82 48 10 11 	mov	r8,	&0x1110	
    4a76:	82 49 12 11 	mov	r9,	&0x1112	
    4a7a:	82 4a 0c 11 	mov	r10,	&0x110c	
    4a7e:	82 4b 0e 11 	mov	r11,	&0x110e	
    4a82:	81 4f 00 00 	mov	r15,	0(r1)	;0x0000(r1)
    4a86:	b0 12 12 48 	call	#0x4812	
    4a8a:	2f 41       	mov	@r1,	r15	
    4a8c:	b0 12 90 44 	call	#0x4490	
    4a90:	b0 12 44 45 	call	#0x4544	
    4a94:	38 3c       	jmp	$+114    	;abs 0x4b06
    4a96:	b0 12 44 45 	call	#0x4544	
    4a9a:	08 4e       	mov	r14,	r8	
    4a9c:	09 4f       	mov	r15,	r9	
    4a9e:	b2 f0 ef ff 82 01 	and	#-17,	&0x0182	;#0xffef
    4aa4:	46 43       	clr.b	r6		
    4aa6:	3a 43       	mov	#-1,	r10	;r3 As==11
    4aa8:	3b 40 ff 7f 	mov	#32767,	r11	;#0x7fff
    4aac:	07 43       	clr	r7		
    4aae:	0e 47       	mov	r7,	r14	
    4ab0:	0e 5e       	rla	r14		
    4ab2:	0f 4e       	mov	r14,	r15	
    4ab4:	0f 5f       	rla	r15		
    4ab6:	0f 5f       	rla	r15		
    4ab8:	0f 5e       	add	r14,	r15	
    4aba:	3f 50 18 11 	add	#4376,	r15	;#0x1118
    4abe:	ef b3 08 00 	bit.b	#2,	8(r15)	;r3 As==10, 0x0008(r15)
    4ac2:	13 24       	jz	$+40     	;abs 0x4aea
    4ac4:	0c 48       	mov	r8,	r12	
    4ac6:	0d 49       	mov	r9,	r13	
    4ac8:	2c 8f       	sub	@r15,	r12	
    4aca:	1d 7f 02 00 	subc	2(r15),	r13	;0x0002(r15)
    4ace:	1e 4f 04 00 	mov	4(r15),	r14	;0x0004(r15)
    4ad2:	1f 4f 06 00 	mov	6(r15),	r15	;0x0006(r15)
    4ad6:	0e 8c       	sub	r12,	r14	
    4ad8:	0f 7d       	subc	r13,	r15	
    4ada:	0f 9b       	cmp	r11,	r15	
    4adc:	03 38       	jl	$+8      	;abs 0x4ae4
    4ade:	05 20       	jnz	$+12     	;abs 0x4aea
    4ae0:	0e 9a       	cmp	r10,	r14	
    4ae2:	03 2c       	jc	$+8      	;abs 0x4aea
    4ae4:	0a 4e       	mov	r14,	r10	
    4ae6:	0b 4f       	mov	r15,	r11	
    4ae8:	56 43       	mov.b	#1,	r6	;r3 As==01
    4aea:	17 53       	inc	r7		
    4aec:	37 90 05 00 	cmp	#5,	r7	;#0x0005
    4af0:	de 23       	jnz	$-66     	;abs 0x4aae
    4af2:	46 93       	tst.b	r6		
    4af4:	22 24       	jz	$+70     	;abs 0x4b3a
    4af6:	0b 93       	tst	r11		
    4af8:	04 38       	jl	$+10     	;abs 0x4b02
    4afa:	1b 93       	cmp	#1,	r11	;r3 As==01
    4afc:	07 34       	jge	$+16     	;abs 0x4b0c
    4afe:	1a 93       	cmp	#1,	r10	;r3 As==01
    4b00:	05 2c       	jc	$+12     	;abs 0x4b0c
    4b02:	0e 48       	mov	r8,	r14	
    4b04:	0f 49       	mov	r9,	r15	
    4b06:	b0 12 04 47 	call	#0x4704	
    4b0a:	17 3c       	jmp	$+48     	;abs 0x4b3a
    4b0c:	82 4a 4c 11 	mov	r10,	&0x114c	
    4b10:	82 4b 4e 11 	mov	r11,	&0x114e	
    4b14:	d2 43 07 11 	mov.b	#1,	&0x1107	;r3 As==01
    4b18:	b0 12 7e 44 	call	#0x447e	
    4b1c:	82 48 10 11 	mov	r8,	&0x1110	
    4b20:	82 49 12 11 	mov	r9,	&0x1112	
    4b24:	82 4a 0c 11 	mov	r10,	&0x110c	
    4b28:	82 4b 0e 11 	mov	r11,	&0x110e	
    4b2c:	81 4f 00 00 	mov	r15,	0(r1)	;0x0000(r1)
    4b30:	b0 12 12 48 	call	#0x4812	
    4b34:	2f 41       	mov	@r1,	r15	
    4b36:	b0 12 90 44 	call	#0x4490	
    4b3a:	21 53       	incd	r1		
    4b3c:	36 41       	pop	r6		
    4b3e:	37 41       	pop	r7		
    4b40:	38 41       	pop	r8		
    4b42:	39 41       	pop	r9		
    4b44:	3a 41       	pop	r10		
    4b46:	3b 41       	pop	r11		
    4b48:	30 41       	ret			

00004b4a <RealMainP__Scheduler__runNextTask>:
    4b4a:	f2 93 50 11 	cmp.b	#-1,	&0x1150	;r3 As==11
    4b4e:	08 24       	jz	$+18     	;abs 0x4b60
    4b50:	b0 12 24 44 	call	#0x4424	
    4b54:	7f 93       	cmp.b	#-1,	r15	;r3 As==11
    4b56:	06 24       	jz	$+14     	;abs 0x4b64
    4b58:	b0 12 04 4a 	call	#0x4a04	
    4b5c:	5f 43       	mov.b	#1,	r15	;r3 As==01
    4b5e:	30 41       	ret			
    4b60:	4f 43       	clr.b	r15		
    4b62:	30 41       	ret			
    4b64:	4f 43       	clr.b	r15		
    4b66:	30 41       	ret			

00004b68 <sig_TIMERA0_VECTOR>:
    4b68:	0f 12       	push	r15		
    4b6a:	0e 12       	push	r14		
    4b6c:	0d 12       	push	r13		
    4b6e:	0c 12       	push	r12		
    4b70:	4f 43       	clr.b	r15		
    4b72:	b0 12 42 44 	call	#0x4442	
    4b76:	3c 41       	pop	r12		
    4b78:	3d 41       	pop	r13		
    4b7a:	3e 41       	pop	r14		
    4b7c:	3f 41       	pop	r15		
    4b7e:	b1 c0 f0 00 00 00 	bic	#240,	0(r1)	;#0x00f0, 0x0000(r1)
    4b84:	00 13       	reti			

00004b86 <sig_TIMERA1_VECTOR>:
    4b86:	0f 12       	push	r15		
    4b88:	0e 12       	push	r14		
    4b8a:	0d 12       	push	r13		
    4b8c:	0c 12       	push	r12		
    4b8e:	1f 42 2e 01 	mov	&0x012e,r15	
    4b92:	4f 4f       	mov.b	r15,	r15	
    4b94:	12 c3       	clrc			
    4b96:	4f 10       	rrc.b	r15		
    4b98:	b0 12 42 44 	call	#0x4442	
    4b9c:	3c 41       	pop	r12		
    4b9e:	3d 41       	pop	r13		
    4ba0:	3e 41       	pop	r14		
    4ba2:	3f 41       	pop	r15		
    4ba4:	b1 c0 f0 00 00 00 	bic	#240,	0(r1)	;#0x00f0, 0x0000(r1)
    4baa:	00 13       	reti			

00004bac <sig_TIMERB0_VECTOR>:
    4bac:	0f 12       	push	r15		
    4bae:	0e 12       	push	r14		
    4bb0:	0d 12       	push	r13		
    4bb2:	0c 12       	push	r12		
    4bb4:	4f 43       	clr.b	r15		
    4bb6:	b0 12 24 49 	call	#0x4924	
    4bba:	3c 41       	pop	r12		
    4bbc:	3d 41       	pop	r13		
    4bbe:	3e 41       	pop	r14		
    4bc0:	3f 41       	pop	r15		
    4bc2:	b1 c0 f0 00 00 00 	bic	#240,	0(r1)	;#0x00f0, 0x0000(r1)
    4bc8:	00 13       	reti			

00004bca <sig_TIMERB1_VECTOR>:
    4bca:	0f 12       	push	r15		
    4bcc:	0e 12       	push	r14		
    4bce:	0d 12       	push	r13		
    4bd0:	0c 12       	push	r12		
    4bd2:	1f 42 1e 01 	mov	&0x011e,r15	
    4bd6:	4f 4f       	mov.b	r15,	r15	
    4bd8:	12 c3       	clrc			
    4bda:	4f 10       	rrc.b	r15		
    4bdc:	b0 12 24 49 	call	#0x4924	
    4be0:	3c 41       	pop	r12		
    4be2:	3d 41       	pop	r13		
    4be4:	3e 41       	pop	r14		
    4be6:	3f 41       	pop	r15		
    4be8:	b1 c0 f0 00 00 00 	bic	#240,	0(r1)	;#0x00f0, 0x0000(r1)
    4bee:	00 13       	reti			

00004bf0 <sig_PORT1_VECTOR>:
    4bf0:	0f 12       	push	r15		
    4bf2:	0e 12       	push	r14		
    4bf4:	21 83       	decd	r1		
    4bf6:	5e 42 23 00 	mov.b	&0x0023,r14	
    4bfa:	5f 42 25 00 	mov.b	&0x0025,r15	
    4bfe:	4f fe       	and.b	r14,	r15	
    4c00:	4f 4f       	mov.b	r15,	r15	
    4c02:	81 4f 00 00 	mov	r15,	0(r1)	;0x0000(r1)
    4c06:	91 b3 00 00 	bit	#1,	0(r1)	;r3 As==01, 0x0000(r1)
    4c0a:	05 24       	jz	$+12     	;abs 0x4c16
    4c0c:	5f 42 23 00 	mov.b	&0x0023,r15	
    4c10:	7f f0 fe ff 	and.b	#-2,	r15	;#0xfffe
    4c14:	3b 3c       	jmp	$+120    	;abs 0x4c8c
    4c16:	a1 b3 00 00 	bit	#2,	0(r1)	;r3 As==10, 0x0000(r1)
    4c1a:	05 24       	jz	$+12     	;abs 0x4c26
    4c1c:	5f 42 23 00 	mov.b	&0x0023,r15	
    4c20:	7f f0 fd ff 	and.b	#-3,	r15	;#0xfffd
    4c24:	33 3c       	jmp	$+104    	;abs 0x4c8c
    4c26:	a1 b2 00 00 	bit	#4,	0(r1)	;r2 As==10, 0x0000(r1)
    4c2a:	05 24       	jz	$+12     	;abs 0x4c36
    4c2c:	5f 42 23 00 	mov.b	&0x0023,r15	
    4c30:	7f f0 fb ff 	and.b	#-5,	r15	;#0xfffb
    4c34:	2b 3c       	jmp	$+88     	;abs 0x4c8c
    4c36:	b1 b2 00 00 	bit	#8,	0(r1)	;r2 As==11, 0x0000(r1)
    4c3a:	05 24       	jz	$+12     	;abs 0x4c46
    4c3c:	5f 42 23 00 	mov.b	&0x0023,r15	
    4c40:	7f f0 f7 ff 	and.b	#-9,	r15	;#0xfff7
    4c44:	23 3c       	jmp	$+72     	;abs 0x4c8c
    4c46:	b1 b0 10 00 00 00 	bit	#16,	0(r1)	;#0x0010, 0x0000(r1)
    4c4c:	05 24       	jz	$+12     	;abs 0x4c58
    4c4e:	5f 42 23 00 	mov.b	&0x0023,r15	
    4c52:	7f f0 ef ff 	and.b	#-17,	r15	;#0xffef
    4c56:	1a 3c       	jmp	$+54     	;abs 0x4c8c
    4c58:	b1 b0 20 00 00 00 	bit	#32,	0(r1)	;#0x0020, 0x0000(r1)
    4c5e:	05 24       	jz	$+12     	;abs 0x4c6a
    4c60:	5f 42 23 00 	mov.b	&0x0023,r15	
    4c64:	7f f0 df ff 	and.b	#-33,	r15	;#0xffdf
    4c68:	11 3c       	jmp	$+36     	;abs 0x4c8c
    4c6a:	b1 b0 40 00 00 00 	bit	#64,	0(r1)	;#0x0040, 0x0000(r1)
    4c70:	05 24       	jz	$+12     	;abs 0x4c7c
    4c72:	5f 42 23 00 	mov.b	&0x0023,r15	
    4c76:	7f f0 bf ff 	and.b	#-65,	r15	;#0xffbf
    4c7a:	08 3c       	jmp	$+18     	;abs 0x4c8c
    4c7c:	b1 b0 80 00 00 00 	bit	#128,	0(r1)	;#0x0080, 0x0000(r1)
    4c82:	06 24       	jz	$+14     	;abs 0x4c90
    4c84:	5f 42 23 00 	mov.b	&0x0023,r15	
    4c88:	7f f0 7f 00 	and.b	#127,	r15	;#0x007f
    4c8c:	c2 4f 23 00 	mov.b	r15,	&0x0023	
    4c90:	21 53       	incd	r1		
    4c92:	3e 41       	pop	r14		
    4c94:	3f 41       	pop	r15		
    4c96:	b1 c0 f0 00 00 00 	bic	#240,	0(r1)	;#0x00f0, 0x0000(r1)
    4c9c:	00 13       	reti			

00004c9e <sig_PORT2_VECTOR>:
    4c9e:	0f 12       	push	r15		
    4ca0:	0e 12       	push	r14		
    4ca2:	0d 12       	push	r13		
    4ca4:	0c 12       	push	r12		
    4ca6:	21 83       	decd	r1		
    4ca8:	5e 42 2b 00 	mov.b	&0x002b,r14	
    4cac:	5f 42 2d 00 	mov.b	&0x002d,r15	
    4cb0:	4f fe       	and.b	r14,	r15	
    4cb2:	4f 4f       	mov.b	r15,	r15	
    4cb4:	81 4f 00 00 	mov	r15,	0(r1)	;0x0000(r1)
    4cb8:	91 b3 00 00 	bit	#1,	0(r1)	;r3 As==01, 0x0000(r1)
    4cbc:	05 24       	jz	$+12     	;abs 0x4cc8
    4cbe:	5f 42 2b 00 	mov.b	&0x002b,r15	
    4cc2:	7f f0 fe ff 	and.b	#-2,	r15	;#0xfffe
    4cc6:	07 3c       	jmp	$+16     	;abs 0x4cd6
    4cc8:	a1 b3 00 00 	bit	#2,	0(r1)	;r3 As==10, 0x0000(r1)
    4ccc:	07 24       	jz	$+16     	;abs 0x4cdc
    4cce:	5f 42 2b 00 	mov.b	&0x002b,r15	
    4cd2:	7f f0 fd ff 	and.b	#-3,	r15	;#0xfffd
    4cd6:	c2 4f 2b 00 	mov.b	r15,	&0x002b	
    4cda:	42 3c       	jmp	$+134    	;abs 0x4d60
    4cdc:	a1 b2 00 00 	bit	#4,	0(r1)	;r2 As==10, 0x0000(r1)
    4ce0:	05 24       	jz	$+12     	;abs 0x4cec
    4ce2:	5f 42 2b 00 	mov.b	&0x002b,r15	
    4ce6:	7f f0 fb ff 	and.b	#-5,	r15	;#0xfffb
    4cea:	f5 3f       	jmp	$-20     	;abs 0x4cd6
    4cec:	b1 b2 00 00 	bit	#8,	0(r1)	;r2 As==11, 0x0000(r1)
    4cf0:	05 24       	jz	$+12     	;abs 0x4cfc
    4cf2:	5f 42 2b 00 	mov.b	&0x002b,r15	
    4cf6:	7f f0 f7 ff 	and.b	#-9,	r15	;#0xfff7
    4cfa:	ed 3f       	jmp	$-36     	;abs 0x4cd6
    4cfc:	b1 b0 10 00 00 00 	bit	#16,	0(r1)	;#0x0010, 0x0000(r1)
    4d02:	05 24       	jz	$+12     	;abs 0x4d0e
    4d04:	5f 42 2b 00 	mov.b	&0x002b,r15	
    4d08:	7f f0 ef ff 	and.b	#-17,	r15	;#0xffef
    4d0c:	e4 3f       	jmp	$-54     	;abs 0x4cd6
    4d0e:	b1 b0 20 00 00 00 	bit	#32,	0(r1)	;#0x0020, 0x0000(r1)
    4d14:	05 24       	jz	$+12     	;abs 0x4d20
    4d16:	5f 42 2b 00 	mov.b	&0x002b,r15	
    4d1a:	7f f0 df ff 	and.b	#-33,	r15	;#0xffdf
    4d1e:	db 3f       	jmp	$-72     	;abs 0x4cd6
    4d20:	b1 b0 40 00 00 00 	bit	#64,	0(r1)	;#0x0040, 0x0000(r1)
    4d26:	05 24       	jz	$+12     	;abs 0x4d32
    4d28:	5f 42 2b 00 	mov.b	&0x002b,r15	
    4d2c:	7f f0 bf ff 	and.b	#-65,	r15	;#0xffbf
    4d30:	d2 3f       	jmp	$-90     	;abs 0x4cd6
    4d32:	b1 b0 80 00 00 00 	bit	#128,	0(r1)	;#0x0080, 0x0000(r1)
    4d38:	13 24       	jz	$+40     	;abs 0x4d60
    4d3a:	f2 f0 7f 00 2b 00 	and.b	#127,	&0x002b	;#0x007f
    4d40:	f2 f0 7f 00 2d 00 	and.b	#127,	&0x002d	;#0x007f
    4d46:	f2 f0 7f 00 2b 00 	and.b	#127,	&0x002b	;#0x007f
    4d4c:	5f 43       	mov.b	#1,	r15	;r3 As==01
    4d4e:	c2 93 4a 11 	tst.b	&0x114a	
    4d52:	01 24       	jz	$+4      	;abs 0x4d56
    4d54:	4f 43       	clr.b	r15		
    4d56:	c2 4f 4a 11 	mov.b	r15,	&0x114a	
    4d5a:	4f 43       	clr.b	r15		
    4d5c:	b0 12 98 44 	call	#0x4498	
    4d60:	21 53       	incd	r1		
    4d62:	3c 41       	pop	r12		
    4d64:	3d 41       	pop	r13		
    4d66:	3e 41       	pop	r14		
    4d68:	3f 41       	pop	r15		
    4d6a:	b1 c0 f0 00 00 00 	bic	#240,	0(r1)	;#0x00f0, 0x0000(r1)
    4d70:	00 13       	reti			

00004d72 <memset>:
    4d72:	0b 12       	push	r11		
    4d74:	0a 12       	push	r10		
    4d76:	09 12       	push	r9		
    4d78:	08 12       	push	r8		
    4d7a:	3d 90 06 00 	cmp	#6,	r13	;#0x0006
    4d7e:	09 2c       	jc	$+20     	;abs 0x4d92
    4d80:	0c 4f       	mov	r15,	r12	
    4d82:	04 3c       	jmp	$+10     	;abs 0x4d8c
    4d84:	cc 4e 00 00 	mov.b	r14,	0(r12)	;0x0000(r12)
    4d88:	1c 53       	inc	r12		
    4d8a:	3d 53       	add	#-1,	r13	;r3 As==11
    4d8c:	0d 93       	tst	r13		
    4d8e:	fa 23       	jnz	$-10     	;abs 0x4d84
    4d90:	20 3c       	jmp	$+66     	;abs 0x4dd2
    4d92:	4e 4e       	mov.b	r14,	r14	
    4d94:	4b 4e       	mov.b	r14,	r11	
    4d96:	0b 93       	tst	r11		
    4d98:	03 24       	jz	$+8      	;abs 0x4da0
    4d9a:	0c 4b       	mov	r11,	r12	
    4d9c:	8c 10       	swpb	r12		
    4d9e:	0b dc       	bis	r12,	r11	
    4da0:	1f b3       	bit	#1,	r15	;r3 As==01
    4da2:	06 24       	jz	$+14     	;abs 0x4db0
    4da4:	3d 53       	add	#-1,	r13	;r3 As==11
    4da6:	cf 4e 00 00 	mov.b	r14,	0(r15)	;0x0000(r15)
    4daa:	09 4f       	mov	r15,	r9	
    4dac:	19 53       	inc	r9		
    4dae:	01 3c       	jmp	$+4      	;abs 0x4db2
    4db0:	09 4f       	mov	r15,	r9	
    4db2:	0c 4d       	mov	r13,	r12	
    4db4:	12 c3       	clrc			
    4db6:	0c 10       	rrc	r12		
    4db8:	0a 49       	mov	r9,	r10	
    4dba:	08 4c       	mov	r12,	r8	
    4dbc:	8a 4b 00 00 	mov	r11,	0(r10)	;0x0000(r10)
    4dc0:	2a 53       	incd	r10		
    4dc2:	38 53       	add	#-1,	r8	;r3 As==11
    4dc4:	fb 23       	jnz	$-8      	;abs 0x4dbc
    4dc6:	0c 5c       	rla	r12		
    4dc8:	0c 59       	add	r9,	r12	
    4dca:	1d f3       	and	#1,	r13	;r3 As==01
    4dcc:	02 24       	jz	$+6      	;abs 0x4dd2
    4dce:	cc 4e 00 00 	mov.b	r14,	0(r12)	;0x0000(r12)
    4dd2:	38 41       	pop	r8		
    4dd4:	39 41       	pop	r9		
    4dd6:	3a 41       	pop	r10		
    4dd8:	3b 41       	pop	r11		
    4dda:	30 41       	ret			

00004ddc <_unexpected_>:
    4ddc:	00 13       	reti			

Disassembly of section .vectors:

0000ffe0 <__ivtbl_16>:
    ffe0:	fc 43 9e 4c fc 43 fc 43 f0 4b 86 4b 68 4b fc 43     .C.L.C.C.K.KhK.C
    fff0:	fc 43 fc 43 fc 43 fc 43 ca 4b ac 4b fc 43 00 40     .C.C.C.C.K.K.C.@
